{"/Users/sandraspanikova/coding/Springboard/Node/express-jobly/app.js": {"path":"/Users/sandraspanikova/coding/Springboard/Node/express-jobly/app.js","statementMap":{"0":{"start":{"line":5,"column":16},"end":{"line":5,"column":34}},"1":{"start":{"line":6,"column":13},"end":{"line":6,"column":28}},"2":{"start":{"line":8,"column":26},"end":{"line":8,"column":51}},"3":{"start":{"line":10,"column":28},"end":{"line":10,"column":56}},"4":{"start":{"line":11,"column":19},"end":{"line":11,"column":43}},"5":{"start":{"line":12,"column":24},"end":{"line":12,"column":53}},"6":{"start":{"line":13,"column":20},"end":{"line":13,"column":45}},"7":{"start":{"line":14,"column":19},"end":{"line":14,"column":43}},"8":{"start":{"line":16,"column":15},"end":{"line":16,"column":32}},"9":{"start":{"line":18,"column":12},"end":{"line":18,"column":21}},"10":{"start":{"line":20,"column":0},"end":{"line":20,"column":16}},"11":{"start":{"line":21,"column":0},"end":{"line":21,"column":24}},"12":{"start":{"line":22,"column":0},"end":{"line":22,"column":24}},"13":{"start":{"line":23,"column":0},"end":{"line":23,"column":25}},"14":{"start":{"line":25,"column":0},"end":{"line":25,"column":29}},"15":{"start":{"line":26,"column":0},"end":{"line":26,"column":39}},"16":{"start":{"line":27,"column":0},"end":{"line":27,"column":31}},"17":{"start":{"line":28,"column":0},"end":{"line":28,"column":29}},"18":{"start":{"line":31,"column":0},"end":{"line":33,"column":3}},"19":{"start":{"line":32,"column":2},"end":{"line":32,"column":35}},"20":{"start":{"line":36,"column":0},"end":{"line":44,"column":3}},"21":{"start":{"line":37,"column":2},"end":{"line":37,"column":64}},"22":{"start":{"line":37,"column":39},"end":{"line":37,"column":64}},"23":{"start":{"line":38,"column":17},"end":{"line":38,"column":34}},"24":{"start":{"line":39,"column":18},"end":{"line":39,"column":29}},"25":{"start":{"line":41,"column":2},"end":{"line":43,"column":5}},"26":{"start":{"line":46,"column":0},"end":{"line":46,"column":21}}},"fnMap":{"0":{"name":"(anonymous_0)","decl":{"start":{"line":31,"column":8},"end":{"line":31,"column":9}},"loc":{"start":{"line":31,"column":34},"end":{"line":33,"column":1}},"line":31},"1":{"name":"(anonymous_1)","decl":{"start":{"line":36,"column":8},"end":{"line":36,"column":9}},"loc":{"start":{"line":36,"column":39},"end":{"line":44,"column":1}},"line":36}},"branchMap":{"0":{"loc":{"start":{"line":37,"column":2},"end":{"line":37,"column":64}},"type":"if","locations":[{"start":{"line":37,"column":2},"end":{"line":37,"column":64}},{"start":{"line":37,"column":2},"end":{"line":37,"column":64}}],"line":37},"1":{"loc":{"start":{"line":38,"column":17},"end":{"line":38,"column":34}},"type":"binary-expr","locations":[{"start":{"line":38,"column":17},"end":{"line":38,"column":27}},{"start":{"line":38,"column":31},"end":{"line":38,"column":34}}],"line":38}},"s":{"0":5,"1":5,"2":5,"3":5,"4":5,"5":5,"6":5,"7":5,"8":5,"9":5,"10":5,"11":5,"12":5,"13":5,"14":5,"15":5,"16":5,"17":5,"18":5,"19":2,"20":5,"21":55,"22":1,"23":55,"24":55,"25":55,"26":5},"f":{"0":2,"1":55},"b":{"0":[1,54],"1":[55,3]},"_coverageSchema":"1a1c01bbd47fc00a2c39e90264f33305004495a9","hash":"1ada2c8d70754ce9bf28eef1a77ec14cfeabdd54"}
,"/Users/sandraspanikova/coding/Springboard/Node/express-jobly/config.js": {"path":"/Users/sandraspanikova/coding/Springboard/Node/express-jobly/config.js","statementMap":{"0":{"start":{"line":5,"column":0},"end":{"line":5,"column":27}},"1":{"start":{"line":6,"column":0},"end":{"line":6,"column":18}},"2":{"start":{"line":8,"column":19},"end":{"line":8,"column":57}},"3":{"start":{"line":10,"column":13},"end":{"line":10,"column":38}},"4":{"start":{"line":14,"column":2},"end":{"line":16,"column":42}},"5":{"start":{"line":22,"column":27},"end":{"line":22,"column":67}},"6":{"start":{"line":24,"column":0},"end":{"line":24,"column":35}},"7":{"start":{"line":25,"column":0},"end":{"line":25,"column":46}},"8":{"start":{"line":26,"column":0},"end":{"line":26,"column":45}},"9":{"start":{"line":27,"column":0},"end":{"line":27,"column":61}},"10":{"start":{"line":28,"column":0},"end":{"line":28,"column":50}},"11":{"start":{"line":29,"column":0},"end":{"line":29,"column":55}},"12":{"start":{"line":30,"column":0},"end":{"line":30,"column":19}},"13":{"start":{"line":32,"column":0},"end":{"line":37,"column":2}}},"fnMap":{"0":{"name":"getDatabaseUri","decl":{"start":{"line":13,"column":9},"end":{"line":13,"column":23}},"loc":{"start":{"line":13,"column":26},"end":{"line":17,"column":1}},"line":13}},"branchMap":{"0":{"loc":{"start":{"line":8,"column":19},"end":{"line":8,"column":57}},"type":"binary-expr","locations":[{"start":{"line":8,"column":19},"end":{"line":8,"column":41}},{"start":{"line":8,"column":45},"end":{"line":8,"column":57}}],"line":8},"1":{"loc":{"start":{"line":10,"column":13},"end":{"line":10,"column":38}},"type":"binary-expr","locations":[{"start":{"line":10,"column":13},"end":{"line":10,"column":30}},{"start":{"line":10,"column":34},"end":{"line":10,"column":38}}],"line":10},"2":{"loc":{"start":{"line":14,"column":9},"end":{"line":16,"column":41}},"type":"cond-expr","locations":[{"start":{"line":15,"column":6},"end":{"line":15,"column":18}},{"start":{"line":16,"column":6},"end":{"line":16,"column":41}}],"line":14},"3":{"loc":{"start":{"line":16,"column":6},"end":{"line":16,"column":41}},"type":"binary-expr","locations":[{"start":{"line":16,"column":6},"end":{"line":16,"column":30}},{"start":{"line":16,"column":34},"end":{"line":16,"column":41}}],"line":16},"4":{"loc":{"start":{"line":22,"column":27},"end":{"line":22,"column":67}},"type":"cond-expr","locations":[{"start":{"line":22,"column":61},"end":{"line":22,"column":62}},{"start":{"line":22,"column":65},"end":{"line":22,"column":67}}],"line":22}},"s":{"0":11,"1":11,"2":11,"3":11,"4":22,"5":11,"6":11,"7":11,"8":11,"9":11,"10":11,"11":11,"12":11,"13":11},"f":{"0":22},"b":{"0":[11,10],"1":[11,10],"2":[19,3],"3":[3,1],"4":[10,1]},"_coverageSchema":"1a1c01bbd47fc00a2c39e90264f33305004495a9","hash":"550348e1bee0a81c90a84893e02ccf77d5819a81"}
,"/Users/sandraspanikova/coding/Springboard/Node/express-jobly/db.js": {"path":"/Users/sandraspanikova/coding/Springboard/Node/express-jobly/db.js","statementMap":{"0":{"start":{"line":5,"column":19},"end":{"line":5,"column":32}},"1":{"start":{"line":6,"column":27},"end":{"line":6,"column":46}},"2":{"start":{"line":8,"column":11},"end":{"line":10,"column":2}},"3":{"start":{"line":12,"column":0},"end":{"line":12,"column":13}},"4":{"start":{"line":14,"column":0},"end":{"line":14,"column":20}}},"fnMap":{},"branchMap":{},"s":{"0":8,"1":8,"2":8,"3":8,"4":8},"f":{},"b":{},"_coverageSchema":"1a1c01bbd47fc00a2c39e90264f33305004495a9","hash":"2f54a74b410185e91b48d2bcd0539ee906ecabe3"}
,"/Users/sandraspanikova/coding/Springboard/Node/express-jobly/expressError.js": {"path":"/Users/sandraspanikova/coding/Springboard/Node/express-jobly/expressError.js","statementMap":{"0":{"start":{"line":9,"column":4},"end":{"line":9,"column":12}},"1":{"start":{"line":10,"column":4},"end":{"line":10,"column":27}},"2":{"start":{"line":11,"column":4},"end":{"line":11,"column":25}},"3":{"start":{"line":19,"column":4},"end":{"line":19,"column":24}},"4":{"start":{"line":27,"column":4},"end":{"line":27,"column":24}},"5":{"start":{"line":35,"column":4},"end":{"line":35,"column":24}},"6":{"start":{"line":47,"column":0},"end":{"line":53,"column":2}}},"fnMap":{"0":{"name":"(anonymous_0)","decl":{"start":{"line":8,"column":2},"end":{"line":8,"column":3}},"loc":{"start":{"line":8,"column":31},"end":{"line":12,"column":3}},"line":8},"1":{"name":"(anonymous_1)","decl":{"start":{"line":18,"column":2},"end":{"line":18,"column":3}},"loc":{"start":{"line":18,"column":37},"end":{"line":20,"column":3}},"line":18},"2":{"name":"(anonymous_2)","decl":{"start":{"line":26,"column":2},"end":{"line":26,"column":3}},"loc":{"start":{"line":26,"column":40},"end":{"line":28,"column":3}},"line":26},"3":{"name":"(anonymous_3)","decl":{"start":{"line":34,"column":2},"end":{"line":34,"column":3}},"loc":{"start":{"line":34,"column":39},"end":{"line":36,"column":3}},"line":34}},"branchMap":{"0":{"loc":{"start":{"line":18,"column":14},"end":{"line":18,"column":35}},"type":"default-arg","locations":[{"start":{"line":18,"column":24},"end":{"line":18,"column":35}}],"line":18},"1":{"loc":{"start":{"line":26,"column":14},"end":{"line":26,"column":38}},"type":"default-arg","locations":[{"start":{"line":26,"column":24},"end":{"line":26,"column":38}}],"line":26},"2":{"loc":{"start":{"line":34,"column":14},"end":{"line":34,"column":37}},"type":"default-arg","locations":[{"start":{"line":34,"column":24},"end":{"line":34,"column":37}}],"line":34}},"s":{"0":73,"1":73,"2":73,"3":22,"4":27,"5":24,"6":10},"f":{"0":73,"1":22,"2":27,"3":24},"b":{"0":[2],"1":[12],"2":[0]},"_coverageSchema":"1a1c01bbd47fc00a2c39e90264f33305004495a9","hash":"4400e94ebef02f684e64d72ce24bf04e3f4d0faa"}
,"/Users/sandraspanikova/coding/Springboard/Node/express-jobly/helpers/sql.js": {"path":"/Users/sandraspanikova/coding/Springboard/Node/express-jobly/helpers/sql.js","statementMap":{"0":{"start":{"line":1,"column":28},"end":{"line":1,"column":54}},"1":{"start":{"line":17,"column":15},"end":{"line":17,"column":40}},"2":{"start":{"line":18,"column":2},"end":{"line":18,"column":62}},"3":{"start":{"line":18,"column":25},"end":{"line":18,"column":62}},"4":{"start":{"line":21,"column":15},"end":{"line":23,"column":3}},"5":{"start":{"line":22,"column":22},"end":{"line":22,"column":68}},"6":{"start":{"line":25,"column":2},"end":{"line":28,"column":4}},"7":{"start":{"line":31,"column":0},"end":{"line":31,"column":41}}},"fnMap":{"0":{"name":"sqlForPartialUpdate","decl":{"start":{"line":16,"column":9},"end":{"line":16,"column":28}},"loc":{"start":{"line":16,"column":52},"end":{"line":29,"column":1}},"line":16},"1":{"name":"(anonymous_1)","decl":{"start":{"line":22,"column":4},"end":{"line":22,"column":5}},"loc":{"start":{"line":22,"column":22},"end":{"line":22,"column":68}},"line":22}},"branchMap":{"0":{"loc":{"start":{"line":18,"column":2},"end":{"line":18,"column":62}},"type":"if","locations":[{"start":{"line":18,"column":2},"end":{"line":18,"column":62}},{"start":{"line":18,"column":2},"end":{"line":18,"column":62}}],"line":18},"1":{"loc":{"start":{"line":22,"column":26},"end":{"line":22,"column":53}},"type":"binary-expr","locations":[{"start":{"line":22,"column":26},"end":{"line":22,"column":42}},{"start":{"line":22,"column":46},"end":{"line":22,"column":53}}],"line":22}},"s":{"0":9,"1":24,"2":24,"3":3,"4":21,"5":42,"6":21,"7":9},"f":{"0":24,"1":42},"b":{"0":[3,21],"1":[42,27]},"_coverageSchema":"1a1c01bbd47fc00a2c39e90264f33305004495a9","hash":"37420f2fcf021a5d84dc16219b11afedb488e955"}
,"/Users/sandraspanikova/coding/Springboard/Node/express-jobly/helpers/tokens.js": {"path":"/Users/sandraspanikova/coding/Springboard/Node/express-jobly/helpers/tokens.js","statementMap":{"0":{"start":{"line":1,"column":12},"end":{"line":1,"column":35}},"1":{"start":{"line":2,"column":23},"end":{"line":2,"column":43}},"2":{"start":{"line":7,"column":2},"end":{"line":8,"column":58}},"3":{"start":{"line":10,"column":16},"end":{"line":13,"column":3}},"4":{"start":{"line":15,"column":2},"end":{"line":15,"column":39}},"5":{"start":{"line":18,"column":0},"end":{"line":18,"column":33}}},"fnMap":{"0":{"name":"createToken","decl":{"start":{"line":6,"column":9},"end":{"line":6,"column":20}},"loc":{"start":{"line":6,"column":27},"end":{"line":16,"column":1}},"line":6}},"branchMap":{"0":{"loc":{"start":{"line":12,"column":13},"end":{"line":12,"column":34}},"type":"binary-expr","locations":[{"start":{"line":12,"column":13},"end":{"line":12,"column":25}},{"start":{"line":12,"column":29},"end":{"line":12,"column":34}}],"line":12}},"s":{"0":6,"1":6,"2":15,"3":15,"4":15,"5":6},"f":{"0":15},"b":{"0":[15,9]},"_coverageSchema":"1a1c01bbd47fc00a2c39e90264f33305004495a9","hash":"fd281efb6081cf6aed650083cfcdab1d6e7d1705"}
,"/Users/sandraspanikova/coding/Springboard/Node/express-jobly/middleware/auth.js": {"path":"/Users/sandraspanikova/coding/Springboard/Node/express-jobly/middleware/auth.js","statementMap":{"0":{"start":{"line":5,"column":12},"end":{"line":5,"column":35}},"1":{"start":{"line":6,"column":23},"end":{"line":6,"column":43}},"2":{"start":{"line":7,"column":30},"end":{"line":7,"column":56}},"3":{"start":{"line":18,"column":2},"end":{"line":33,"column":3}},"4":{"start":{"line":25,"column":23},"end":{"line":25,"column":63}},"5":{"start":{"line":26,"column":4},"end":{"line":29,"column":5}},"6":{"start":{"line":27,"column":20},"end":{"line":27,"column":64}},"7":{"start":{"line":28,"column":6},"end":{"line":28,"column":54}},"8":{"start":{"line":30,"column":4},"end":{"line":30,"column":18}},"9":{"start":{"line":32,"column":4},"end":{"line":32,"column":18}},"10":{"start":{"line":42,"column":2},"end":{"line":47,"column":3}},"11":{"start":{"line":43,"column":4},"end":{"line":43,"column":56}},"12":{"start":{"line":43,"column":26},"end":{"line":43,"column":56}},"13":{"start":{"line":44,"column":4},"end":{"line":44,"column":18}},"14":{"start":{"line":46,"column":4},"end":{"line":46,"column":21}},"15":{"start":{"line":56,"column":2},"end":{"line":62,"column":3}},"16":{"start":{"line":57,"column":4},"end":{"line":58,"column":64}},"17":{"start":{"line":58,"column":6},"end":{"line":58,"column":64}},"18":{"start":{"line":59,"column":4},"end":{"line":59,"column":18}},"19":{"start":{"line":61,"column":4},"end":{"line":61,"column":21}},"20":{"start":{"line":66,"column":2},"end":{"line":75,"column":3}},"21":{"start":{"line":67,"column":17},"end":{"line":67,"column":32}},"22":{"start":{"line":68,"column":4},"end":{"line":72,"column":5}},"23":{"start":{"line":69,"column":6},"end":{"line":69,"column":20}},"24":{"start":{"line":71,"column":6},"end":{"line":71,"column":52}},"25":{"start":{"line":74,"column":4},"end":{"line":74,"column":21}},"26":{"start":{"line":78,"column":0},"end":{"line":83,"column":2}}},"fnMap":{"0":{"name":"authenticateJWT","decl":{"start":{"line":17,"column":9},"end":{"line":17,"column":24}},"loc":{"start":{"line":17,"column":41},"end":{"line":34,"column":1}},"line":17},"1":{"name":"ensureLoggedIn","decl":{"start":{"line":41,"column":9},"end":{"line":41,"column":23}},"loc":{"start":{"line":41,"column":40},"end":{"line":48,"column":1}},"line":41},"2":{"name":"ensureIsAdmin","decl":{"start":{"line":55,"column":9},"end":{"line":55,"column":22}},"loc":{"start":{"line":55,"column":39},"end":{"line":63,"column":1}},"line":55},"3":{"name":"ensureIsAdminOrSelf","decl":{"start":{"line":65,"column":9},"end":{"line":65,"column":28}},"loc":{"start":{"line":65,"column":45},"end":{"line":76,"column":1}},"line":65}},"branchMap":{"0":{"loc":{"start":{"line":25,"column":23},"end":{"line":25,"column":63}},"type":"binary-expr","locations":[{"start":{"line":25,"column":23},"end":{"line":25,"column":34}},{"start":{"line":25,"column":38},"end":{"line":25,"column":63}}],"line":25},"1":{"loc":{"start":{"line":26,"column":4},"end":{"line":29,"column":5}},"type":"if","locations":[{"start":{"line":26,"column":4},"end":{"line":29,"column":5}},{"start":{"line":26,"column":4},"end":{"line":29,"column":5}}],"line":26},"2":{"loc":{"start":{"line":43,"column":4},"end":{"line":43,"column":56}},"type":"if","locations":[{"start":{"line":43,"column":4},"end":{"line":43,"column":56}},{"start":{"line":43,"column":4},"end":{"line":43,"column":56}}],"line":43},"3":{"loc":{"start":{"line":57,"column":4},"end":{"line":58,"column":64}},"type":"if","locations":[{"start":{"line":57,"column":4},"end":{"line":58,"column":64}},{"start":{"line":57,"column":4},"end":{"line":58,"column":64}}],"line":57},"4":{"loc":{"start":{"line":68,"column":4},"end":{"line":72,"column":5}},"type":"if","locations":[{"start":{"line":68,"column":4},"end":{"line":72,"column":5}},{"start":{"line":68,"column":4},"end":{"line":72,"column":5}}],"line":68},"5":{"loc":{"start":{"line":68,"column":8},"end":{"line":68,"column":61}},"type":"binary-expr","locations":[{"start":{"line":68,"column":8},"end":{"line":68,"column":45}},{"start":{"line":68,"column":49},"end":{"line":68,"column":61}}],"line":68}},"s":{"0":6,"1":6,"2":6,"3":89,"4":89,"5":89,"6":52,"7":52,"8":88,"9":1,"10":61,"11":61,"12":12,"13":49,"14":12,"15":33,"16":33,"17":8,"18":25,"19":8,"20":15,"21":15,"22":15,"23":12,"24":3,"25":3,"26":6},"f":{"0":89,"1":61,"2":33,"3":15},"b":{"0":[89,88],"1":[52,37],"2":[12,49],"3":[8,25],"4":[12,3],"5":[15,11]},"_coverageSchema":"1a1c01bbd47fc00a2c39e90264f33305004495a9","hash":"ddedc0c2e57027e75c037c30295fab6e7c4dd630"}
,"/Users/sandraspanikova/coding/Springboard/Node/express-jobly/models/_testCommon.js": {"path":"/Users/sandraspanikova/coding/Springboard/Node/express-jobly/models/_testCommon.js","statementMap":{"0":{"start":{"line":1,"column":15},"end":{"line":1,"column":32}},"1":{"start":{"line":3,"column":11},"end":{"line":3,"column":30}},"2":{"start":{"line":4,"column":31},"end":{"line":4,"column":51}},"3":{"start":{"line":6,"column":19},"end":{"line":6,"column":21}},"4":{"start":{"line":10,"column":2},"end":{"line":10,"column":42}},"5":{"start":{"line":12,"column":2},"end":{"line":12,"column":38}},"6":{"start":{"line":14,"column":2},"end":{"line":14,"column":37}},"7":{"start":{"line":16,"column":2},"end":{"line":21,"column":55}},"8":{"start":{"line":23,"column":2},"end":{"line":37,"column":4}},"9":{"start":{"line":39,"column":18},"end":{"line":44,"column":20}},"10":{"start":{"line":46,"column":2},"end":{"line":46,"column":53}},"11":{"start":{"line":46,"column":30},"end":{"line":46,"column":51}},"12":{"start":{"line":50,"column":2},"end":{"line":50,"column":26}},"13":{"start":{"line":54,"column":2},"end":{"line":54,"column":29}},"14":{"start":{"line":58,"column":2},"end":{"line":58,"column":17}},"15":{"start":{"line":61,"column":0},"end":{"line":67,"column":2}}},"fnMap":{"0":{"name":"commonBeforeAll","decl":{"start":{"line":8,"column":15},"end":{"line":8,"column":30}},"loc":{"start":{"line":8,"column":33},"end":{"line":47,"column":1}},"line":8},"1":{"name":"(anonymous_1)","decl":{"start":{"line":46,"column":23},"end":{"line":46,"column":24}},"loc":{"start":{"line":46,"column":30},"end":{"line":46,"column":51}},"line":46},"2":{"name":"commonBeforeEach","decl":{"start":{"line":49,"column":15},"end":{"line":49,"column":31}},"loc":{"start":{"line":49,"column":34},"end":{"line":51,"column":1}},"line":49},"3":{"name":"commonAfterEach","decl":{"start":{"line":53,"column":15},"end":{"line":53,"column":30}},"loc":{"start":{"line":53,"column":33},"end":{"line":55,"column":1}},"line":53},"4":{"name":"commonAfterAll","decl":{"start":{"line":57,"column":15},"end":{"line":57,"column":29}},"loc":{"start":{"line":57,"column":32},"end":{"line":59,"column":1}},"line":57}},"branchMap":{},"s":{"0":3,"1":3,"2":3,"3":3,"4":3,"5":3,"6":3,"7":3,"8":3,"9":3,"10":3,"11":9,"12":50,"13":50,"14":3,"15":3},"f":{"0":3,"1":9,"2":50,"3":50,"4":3},"b":{},"_coverageSchema":"1a1c01bbd47fc00a2c39e90264f33305004495a9","hash":"8a34c167dd930cad86e651050433c2cba44c1a25"}
,"/Users/sandraspanikova/coding/Springboard/Node/express-jobly/models/company.js": {"path":"/Users/sandraspanikova/coding/Springboard/Node/express-jobly/models/company.js","statementMap":{"0":{"start":{"line":3,"column":11},"end":{"line":3,"column":27}},"1":{"start":{"line":4,"column":43},"end":{"line":4,"column":69}},"2":{"start":{"line":5,"column":32},"end":{"line":5,"column":57}},"3":{"start":{"line":20,"column":27},"end":{"line":25,"column":5}},"4":{"start":{"line":27,"column":4},"end":{"line":28,"column":64}},"5":{"start":{"line":28,"column":6},"end":{"line":28,"column":64}},"6":{"start":{"line":30,"column":19},"end":{"line":36,"column":5}},"7":{"start":{"line":37,"column":20},"end":{"line":37,"column":34}},"8":{"start":{"line":39,"column":4},"end":{"line":39,"column":19}},"9":{"start":{"line":48,"column":25},"end":{"line":56,"column":5}},"10":{"start":{"line":57,"column":4},"end":{"line":57,"column":29}},"11":{"start":{"line":63,"column":47},"end":{"line":63,"column":52}},"12":{"start":{"line":70,"column":4},"end":{"line":74,"column":5}},"13":{"start":{"line":71,"column":6},"end":{"line":73,"column":8}},"14":{"start":{"line":77,"column":29},"end":{"line":82,"column":50}},"15":{"start":{"line":83,"column":27},"end":{"line":83,"column":42}},"16":{"start":{"line":85,"column":28},"end":{"line":85,"column":30}},"17":{"start":{"line":86,"column":21},"end":{"line":86,"column":23}},"18":{"start":{"line":87,"column":23},"end":{"line":87,"column":25}},"19":{"start":{"line":88,"column":34},"end":{"line":88,"column":36}},"20":{"start":{"line":90,"column":4},"end":{"line":96,"column":5}},"21":{"start":{"line":91,"column":6},"end":{"line":91,"column":35}},"22":{"start":{"line":92,"column":6},"end":{"line":92,"column":44}},"23":{"start":{"line":93,"column":6},"end":{"line":95,"column":8}},"24":{"start":{"line":98,"column":4},"end":{"line":104,"column":5}},"25":{"start":{"line":99,"column":6},"end":{"line":99,"column":36}},"26":{"start":{"line":100,"column":6},"end":{"line":100,"column":52}},"27":{"start":{"line":101,"column":6},"end":{"line":103,"column":8}},"28":{"start":{"line":106,"column":4},"end":{"line":112,"column":5}},"29":{"start":{"line":107,"column":6},"end":{"line":107,"column":36}},"30":{"start":{"line":108,"column":6},"end":{"line":108,"column":52}},"31":{"start":{"line":109,"column":6},"end":{"line":111,"column":8}},"32":{"start":{"line":114,"column":4},"end":{"line":120,"column":5}},"33":{"start":{"line":115,"column":6},"end":{"line":117,"column":8}},"34":{"start":{"line":119,"column":6},"end":{"line":119,"column":69}},"35":{"start":{"line":124,"column":25},"end":{"line":127,"column":5}},"36":{"start":{"line":141,"column":4},"end":{"line":145,"column":5}},"37":{"start":{"line":142,"column":6},"end":{"line":144,"column":8}},"38":{"start":{"line":146,"column":4},"end":{"line":146,"column":29}},"39":{"start":{"line":158,"column":23},"end":{"line":171,"column":5}},"40":{"start":{"line":173,"column":4},"end":{"line":174,"column":67}},"41":{"start":{"line":174,"column":6},"end":{"line":174,"column":67}},"42":{"start":{"line":176,"column":23},"end":{"line":176,"column":25}},"43":{"start":{"line":178,"column":4},"end":{"line":182,"column":7}},"44":{"start":{"line":179,"column":6},"end":{"line":181,"column":7}},"45":{"start":{"line":180,"column":8},"end":{"line":180,"column":32}},"46":{"start":{"line":184,"column":25},"end":{"line":187,"column":5}},"47":{"start":{"line":189,"column":4},"end":{"line":189,"column":27}},"48":{"start":{"line":190,"column":4},"end":{"line":190,"column":39}},"49":{"start":{"line":192,"column":4},"end":{"line":192,"column":24}},"50":{"start":{"line":208,"column":32},"end":{"line":211,"column":6}},"51":{"start":{"line":212,"column":25},"end":{"line":212,"column":50}},"52":{"start":{"line":214,"column":21},"end":{"line":221,"column":54}},"53":{"start":{"line":222,"column":19},"end":{"line":222,"column":64}},"54":{"start":{"line":223,"column":20},"end":{"line":223,"column":34}},"55":{"start":{"line":225,"column":4},"end":{"line":225,"column":67}},"56":{"start":{"line":225,"column":18},"end":{"line":225,"column":67}},"57":{"start":{"line":227,"column":4},"end":{"line":227,"column":19}},"58":{"start":{"line":236,"column":19},"end":{"line":242,"column":5}},"59":{"start":{"line":243,"column":20},"end":{"line":243,"column":34}},"60":{"start":{"line":245,"column":4},"end":{"line":245,"column":67}},"61":{"start":{"line":245,"column":18},"end":{"line":245,"column":67}},"62":{"start":{"line":249,"column":0},"end":{"line":249,"column":25}}},"fnMap":{"0":{"name":"(anonymous_0)","decl":{"start":{"line":19,"column":2},"end":{"line":19,"column":3}},"loc":{"start":{"line":19,"column":76},"end":{"line":40,"column":3}},"line":19},"1":{"name":"(anonymous_1)","decl":{"start":{"line":47,"column":2},"end":{"line":47,"column":3}},"loc":{"start":{"line":47,"column":25},"end":{"line":58,"column":3}},"line":47},"2":{"name":"(anonymous_2)","decl":{"start":{"line":62,"column":2},"end":{"line":62,"column":3}},"loc":{"start":{"line":62,"column":29},"end":{"line":147,"column":3}},"line":62},"3":{"name":"(anonymous_3)","decl":{"start":{"line":157,"column":2},"end":{"line":157,"column":3}},"loc":{"start":{"line":157,"column":27},"end":{"line":193,"column":3}},"line":157},"4":{"name":"(anonymous_4)","decl":{"start":{"line":178,"column":28},"end":{"line":178,"column":29}},"loc":{"start":{"line":178,"column":37},"end":{"line":182,"column":5}},"line":178},"5":{"name":"(anonymous_5)","decl":{"start":{"line":207,"column":2},"end":{"line":207,"column":3}},"loc":{"start":{"line":207,"column":36},"end":{"line":228,"column":3}},"line":207},"6":{"name":"(anonymous_6)","decl":{"start":{"line":235,"column":2},"end":{"line":235,"column":3}},"loc":{"start":{"line":235,"column":30},"end":{"line":246,"column":3}},"line":235}},"branchMap":{"0":{"loc":{"start":{"line":27,"column":4},"end":{"line":28,"column":64}},"type":"if","locations":[{"start":{"line":27,"column":4},"end":{"line":28,"column":64}},{"start":{"line":27,"column":4},"end":{"line":28,"column":64}}],"line":27},"1":{"loc":{"start":{"line":70,"column":4},"end":{"line":74,"column":5}},"type":"if","locations":[{"start":{"line":70,"column":4},"end":{"line":74,"column":5}},{"start":{"line":70,"column":4},"end":{"line":74,"column":5}}],"line":70},"2":{"loc":{"start":{"line":90,"column":4},"end":{"line":96,"column":5}},"type":"if","locations":[{"start":{"line":90,"column":4},"end":{"line":96,"column":5}},{"start":{"line":90,"column":4},"end":{"line":96,"column":5}}],"line":90},"3":{"loc":{"start":{"line":98,"column":4},"end":{"line":104,"column":5}},"type":"if","locations":[{"start":{"line":98,"column":4},"end":{"line":104,"column":5}},{"start":{"line":98,"column":4},"end":{"line":104,"column":5}}],"line":98},"4":{"loc":{"start":{"line":106,"column":4},"end":{"line":112,"column":5}},"type":"if","locations":[{"start":{"line":106,"column":4},"end":{"line":112,"column":5}},{"start":{"line":106,"column":4},"end":{"line":112,"column":5}}],"line":106},"5":{"loc":{"start":{"line":114,"column":4},"end":{"line":120,"column":5}},"type":"if","locations":[{"start":{"line":114,"column":4},"end":{"line":120,"column":5}},{"start":{"line":114,"column":4},"end":{"line":120,"column":5}}],"line":114},"6":{"loc":{"start":{"line":141,"column":4},"end":{"line":145,"column":5}},"type":"if","locations":[{"start":{"line":141,"column":4},"end":{"line":145,"column":5}},{"start":{"line":141,"column":4},"end":{"line":145,"column":5}}],"line":141},"7":{"loc":{"start":{"line":173,"column":4},"end":{"line":174,"column":67}},"type":"if","locations":[{"start":{"line":173,"column":4},"end":{"line":174,"column":67}},{"start":{"line":173,"column":4},"end":{"line":174,"column":67}}],"line":173},"8":{"loc":{"start":{"line":179,"column":6},"end":{"line":181,"column":7}},"type":"if","locations":[{"start":{"line":179,"column":6},"end":{"line":181,"column":7}},{"start":{"line":179,"column":6},"end":{"line":181,"column":7}}],"line":179},"9":{"loc":{"start":{"line":225,"column":4},"end":{"line":225,"column":67}},"type":"if","locations":[{"start":{"line":225,"column":4},"end":{"line":225,"column":67}},{"start":{"line":225,"column":4},"end":{"line":225,"column":67}}],"line":225},"10":{"loc":{"start":{"line":245,"column":4},"end":{"line":245,"column":67}},"type":"if","locations":[{"start":{"line":245,"column":4},"end":{"line":245,"column":67}},{"start":{"line":245,"column":4},"end":{"line":245,"column":67}}],"line":245}},"s":{"0":6,"1":6,"2":6,"3":20,"4":20,"5":1,"6":19,"7":19,"8":19,"9":3,"10":2,"11":8,"12":8,"13":1,"14":7,"15":7,"16":7,"17":7,"18":7,"19":7,"20":7,"21":6,"22":6,"23":6,"24":7,"25":3,"26":3,"27":3,"28":7,"29":3,"30":3,"31":3,"32":7,"33":6,"34":1,"35":7,"36":7,"37":1,"38":6,"39":6,"40":6,"41":2,"42":4,"43":4,"44":4,"45":2,"46":4,"47":4,"48":4,"49":4,"50":6,"51":5,"52":5,"53":5,"54":5,"55":5,"56":2,"57":3,"58":4,"59":4,"60":4,"61":2,"62":6},"f":{"0":20,"1":3,"2":8,"3":6,"4":4,"5":6,"6":4},"b":{"0":[1,19],"1":[1,7],"2":[6,1],"3":[3,4],"4":[3,4],"5":[6,1],"6":[1,6],"7":[2,4],"8":[2,2],"9":[2,3],"10":[2,2]},"_coverageSchema":"1a1c01bbd47fc00a2c39e90264f33305004495a9","hash":"d993154aca05548b4f2e8b11f62dc8c5558796bc"}
,"/Users/sandraspanikova/coding/Springboard/Node/express-jobly/models/job.js": {"path":"/Users/sandraspanikova/coding/Springboard/Node/express-jobly/models/job.js","statementMap":{"0":{"start":{"line":3,"column":11},"end":{"line":3,"column":27}},"1":{"start":{"line":4,"column":43},"end":{"line":4,"column":69}},"2":{"start":{"line":5,"column":32},"end":{"line":5,"column":57}},"3":{"start":{"line":21,"column":25},"end":{"line":26,"column":5}},"4":{"start":{"line":28,"column":4},"end":{"line":30,"column":5}},"5":{"start":{"line":29,"column":6},"end":{"line":29,"column":76}},"6":{"start":{"line":32,"column":19},"end":{"line":38,"column":5}},"7":{"start":{"line":39,"column":16},"end":{"line":39,"column":30}},"8":{"start":{"line":41,"column":4},"end":{"line":41,"column":15}},"9":{"start":{"line":50,"column":20},"end":{"line":58,"column":5}},"10":{"start":{"line":59,"column":4},"end":{"line":59,"column":24}},"11":{"start":{"line":68,"column":44},"end":{"line":68,"column":49}},"12":{"start":{"line":71,"column":20},"end":{"line":71,"column":52}},"13":{"start":{"line":72,"column":21},"end":{"line":72,"column":23}},"14":{"start":{"line":75,"column":29},"end":{"line":75,"column":114}},"15":{"start":{"line":76,"column":28},"end":{"line":76,"column":44}},"16":{"start":{"line":77,"column":33},"end":{"line":77,"column":35}},"17":{"start":{"line":79,"column":4},"end":{"line":83,"column":5}},"18":{"start":{"line":80,"column":6},"end":{"line":80,"column":34}},"19":{"start":{"line":81,"column":6},"end":{"line":81,"column":38}},"20":{"start":{"line":82,"column":6},"end":{"line":82,"column":65}},"21":{"start":{"line":85,"column":4},"end":{"line":89,"column":5}},"22":{"start":{"line":86,"column":6},"end":{"line":86,"column":31}},"23":{"start":{"line":87,"column":6},"end":{"line":87,"column":42}},"24":{"start":{"line":88,"column":6},"end":{"line":88,"column":66}},"25":{"start":{"line":91,"column":4},"end":{"line":93,"column":5}},"26":{"start":{"line":92,"column":6},"end":{"line":92,"column":46}},"27":{"start":{"line":95,"column":30},"end":{"line":95,"column":64}},"28":{"start":{"line":97,"column":20},"end":{"line":100,"column":5}},"29":{"start":{"line":102,"column":4},"end":{"line":104,"column":5}},"30":{"start":{"line":103,"column":6},"end":{"line":103,"column":77}},"31":{"start":{"line":106,"column":4},"end":{"line":106,"column":24}},"32":{"start":{"line":117,"column":19},"end":{"line":126,"column":5}},"33":{"start":{"line":128,"column":16},"end":{"line":128,"column":30}},"34":{"start":{"line":130,"column":4},"end":{"line":130,"column":63}},"35":{"start":{"line":130,"column":14},"end":{"line":130,"column":63}},"36":{"start":{"line":132,"column":4},"end":{"line":132,"column":15}},"37":{"start":{"line":148,"column":32},"end":{"line":148,"column":61}},"38":{"start":{"line":149,"column":18},"end":{"line":149,"column":43}},"39":{"start":{"line":151,"column":21},"end":{"line":158,"column":66}},"40":{"start":{"line":159,"column":19},"end":{"line":159,"column":60}},"41":{"start":{"line":160,"column":16},"end":{"line":160,"column":30}},"42":{"start":{"line":162,"column":4},"end":{"line":162,"column":63}},"43":{"start":{"line":162,"column":14},"end":{"line":162,"column":63}},"44":{"start":{"line":164,"column":4},"end":{"line":164,"column":15}},"45":{"start":{"line":173,"column":19},"end":{"line":179,"column":5}},"46":{"start":{"line":180,"column":20},"end":{"line":180,"column":34}},"47":{"start":{"line":182,"column":4},"end":{"line":182,"column":67}},"48":{"start":{"line":182,"column":18},"end":{"line":182,"column":67}},"49":{"start":{"line":186,"column":0},"end":{"line":186,"column":21}}},"fnMap":{"0":{"name":"(anonymous_0)","decl":{"start":{"line":19,"column":2},"end":{"line":19,"column":3}},"loc":{"start":{"line":19,"column":64},"end":{"line":42,"column":3}},"line":19},"1":{"name":"(anonymous_1)","decl":{"start":{"line":49,"column":2},"end":{"line":49,"column":3}},"loc":{"start":{"line":49,"column":25},"end":{"line":60,"column":3}},"line":49},"2":{"name":"(anonymous_2)","decl":{"start":{"line":67,"column":2},"end":{"line":67,"column":3}},"loc":{"start":{"line":67,"column":29},"end":{"line":107,"column":3}},"line":67},"3":{"name":"(anonymous_3)","decl":{"start":{"line":116,"column":2},"end":{"line":116,"column":3}},"loc":{"start":{"line":116,"column":23},"end":{"line":133,"column":3}},"line":116},"4":{"name":"(anonymous_4)","decl":{"start":{"line":147,"column":2},"end":{"line":147,"column":3}},"loc":{"start":{"line":147,"column":32},"end":{"line":165,"column":3}},"line":147},"5":{"name":"(anonymous_5)","decl":{"start":{"line":172,"column":2},"end":{"line":172,"column":3}},"loc":{"start":{"line":172,"column":26},"end":{"line":183,"column":3}},"line":172}},"branchMap":{"0":{"loc":{"start":{"line":28,"column":4},"end":{"line":30,"column":5}},"type":"if","locations":[{"start":{"line":28,"column":4},"end":{"line":30,"column":5}},{"start":{"line":28,"column":4},"end":{"line":30,"column":5}}],"line":28},"1":{"loc":{"start":{"line":79,"column":4},"end":{"line":83,"column":5}},"type":"if","locations":[{"start":{"line":79,"column":4},"end":{"line":83,"column":5}},{"start":{"line":79,"column":4},"end":{"line":83,"column":5}}],"line":79},"2":{"loc":{"start":{"line":85,"column":4},"end":{"line":89,"column":5}},"type":"if","locations":[{"start":{"line":85,"column":4},"end":{"line":89,"column":5}},{"start":{"line":85,"column":4},"end":{"line":89,"column":5}}],"line":85},"3":{"loc":{"start":{"line":91,"column":4},"end":{"line":93,"column":5}},"type":"if","locations":[{"start":{"line":91,"column":4},"end":{"line":93,"column":5}},{"start":{"line":91,"column":4},"end":{"line":93,"column":5}}],"line":91},"4":{"loc":{"start":{"line":102,"column":4},"end":{"line":104,"column":5}},"type":"if","locations":[{"start":{"line":102,"column":4},"end":{"line":104,"column":5}},{"start":{"line":102,"column":4},"end":{"line":104,"column":5}}],"line":102},"5":{"loc":{"start":{"line":130,"column":4},"end":{"line":130,"column":63}},"type":"if","locations":[{"start":{"line":130,"column":4},"end":{"line":130,"column":63}},{"start":{"line":130,"column":4},"end":{"line":130,"column":63}}],"line":130},"6":{"loc":{"start":{"line":162,"column":4},"end":{"line":162,"column":63}},"type":"if","locations":[{"start":{"line":162,"column":4},"end":{"line":162,"column":63}},{"start":{"line":162,"column":4},"end":{"line":162,"column":63}}],"line":162},"7":{"loc":{"start":{"line":182,"column":4},"end":{"line":182,"column":67}},"type":"if","locations":[{"start":{"line":182,"column":4},"end":{"line":182,"column":67}},{"start":{"line":182,"column":4},"end":{"line":182,"column":67}}],"line":182}},"s":{"0":6,"1":6,"2":6,"3":15,"4":15,"5":1,"6":14,"7":14,"8":14,"9":7,"10":6,"11":10,"12":10,"13":10,"14":10,"15":10,"16":10,"17":10,"18":8,"19":8,"20":8,"21":10,"22":5,"23":5,"24":5,"25":10,"26":4,"27":10,"28":10,"29":10,"30":1,"31":9,"32":4,"33":4,"34":4,"35":2,"36":2,"37":7,"38":6,"39":6,"40":6,"41":6,"42":6,"43":2,"44":4,"45":4,"46":4,"47":4,"48":2,"49":6},"f":{"0":15,"1":7,"2":10,"3":4,"4":7,"5":4},"b":{"0":[1,14],"1":[8,2],"2":[5,5],"3":[4,6],"4":[1,9],"5":[2,2],"6":[2,4],"7":[2,2]},"_coverageSchema":"1a1c01bbd47fc00a2c39e90264f33305004495a9","hash":"8c8f83973a92bdc1f2a5e84f47af8d86c0b19715"}
,"/Users/sandraspanikova/coding/Springboard/Node/express-jobly/models/user.js": {"path":"/Users/sandraspanikova/coding/Springboard/Node/express-jobly/models/user.js","statementMap":{"0":{"start":{"line":3,"column":11},"end":{"line":3,"column":27}},"1":{"start":{"line":4,"column":15},"end":{"line":4,"column":32}},"2":{"start":{"line":5,"column":32},"end":{"line":5,"column":57}},"3":{"start":{"line":10,"column":4},"end":{"line":10,"column":30}},"4":{"start":{"line":12,"column":31},"end":{"line":12,"column":54}},"5":{"start":{"line":26,"column":19},"end":{"line":36,"column":5}},"6":{"start":{"line":38,"column":17},"end":{"line":38,"column":31}},"7":{"start":{"line":40,"column":4},"end":{"line":47,"column":5}},"8":{"start":{"line":42,"column":22},"end":{"line":42,"column":67}},"9":{"start":{"line":43,"column":6},"end":{"line":46,"column":7}},"10":{"start":{"line":44,"column":8},"end":{"line":44,"column":29}},"11":{"start":{"line":45,"column":8},"end":{"line":45,"column":20}},"12":{"start":{"line":49,"column":4},"end":{"line":49,"column":61}},"13":{"start":{"line":61,"column":27},"end":{"line":66,"column":5}},"14":{"start":{"line":68,"column":4},"end":{"line":70,"column":5}},"15":{"start":{"line":69,"column":6},"end":{"line":69,"column":67}},"16":{"start":{"line":72,"column":27},"end":{"line":72,"column":74}},"17":{"start":{"line":74,"column":19},"end":{"line":92,"column":5}},"18":{"start":{"line":94,"column":17},"end":{"line":94,"column":31}},"19":{"start":{"line":96,"column":4},"end":{"line":96,"column":16}},"20":{"start":{"line":105,"column":19},"end":{"line":113,"column":5}},"21":{"start":{"line":115,"column":4},"end":{"line":115,"column":23}},"22":{"start":{"line":127,"column":20},"end":{"line":136,"column":5}},"23":{"start":{"line":138,"column":17},"end":{"line":138,"column":32}},"24":{"start":{"line":140,"column":4},"end":{"line":140,"column":63}},"25":{"start":{"line":140,"column":15},"end":{"line":140,"column":63}},"26":{"start":{"line":142,"column":4},"end":{"line":142,"column":16}},"27":{"start":{"line":163,"column":4},"end":{"line":165,"column":5}},"28":{"start":{"line":164,"column":6},"end":{"line":164,"column":75}},"29":{"start":{"line":167,"column":32},"end":{"line":173,"column":10}},"30":{"start":{"line":174,"column":27},"end":{"line":174,"column":52}},"31":{"start":{"line":176,"column":21},"end":{"line":183,"column":54}},"32":{"start":{"line":184,"column":19},"end":{"line":184,"column":66}},"33":{"start":{"line":185,"column":17},"end":{"line":185,"column":31}},"34":{"start":{"line":187,"column":4},"end":{"line":187,"column":63}},"35":{"start":{"line":187,"column":15},"end":{"line":187,"column":63}},"36":{"start":{"line":189,"column":4},"end":{"line":189,"column":25}},"37":{"start":{"line":190,"column":4},"end":{"line":190,"column":16}},"38":{"start":{"line":196,"column":17},"end":{"line":202,"column":5}},"39":{"start":{"line":203,"column":17},"end":{"line":203,"column":31}},"40":{"start":{"line":205,"column":4},"end":{"line":205,"column":63}},"41":{"start":{"line":205,"column":15},"end":{"line":205,"column":63}},"42":{"start":{"line":210,"column":0},"end":{"line":210,"column":22}}},"fnMap":{"0":{"name":"(anonymous_0)","decl":{"start":{"line":24,"column":2},"end":{"line":24,"column":3}},"loc":{"start":{"line":24,"column":48},"end":{"line":50,"column":3}},"line":24},"1":{"name":"(anonymous_1)","decl":{"start":{"line":59,"column":2},"end":{"line":59,"column":3}},"loc":{"start":{"line":60,"column":67},"end":{"line":97,"column":3}},"line":60},"2":{"name":"(anonymous_2)","decl":{"start":{"line":104,"column":2},"end":{"line":104,"column":3}},"loc":{"start":{"line":104,"column":25},"end":{"line":116,"column":3}},"line":104},"3":{"name":"(anonymous_3)","decl":{"start":{"line":126,"column":2},"end":{"line":126,"column":3}},"loc":{"start":{"line":126,"column":29},"end":{"line":143,"column":3}},"line":126},"4":{"name":"(anonymous_4)","decl":{"start":{"line":162,"column":2},"end":{"line":162,"column":3}},"loc":{"start":{"line":162,"column":38},"end":{"line":191,"column":3}},"line":162},"5":{"name":"(anonymous_5)","decl":{"start":{"line":195,"column":2},"end":{"line":195,"column":3}},"loc":{"start":{"line":195,"column":32},"end":{"line":206,"column":3}},"line":195}},"branchMap":{"0":{"loc":{"start":{"line":40,"column":4},"end":{"line":47,"column":5}},"type":"if","locations":[{"start":{"line":40,"column":4},"end":{"line":47,"column":5}},{"start":{"line":40,"column":4},"end":{"line":47,"column":5}}],"line":40},"1":{"loc":{"start":{"line":43,"column":6},"end":{"line":46,"column":7}},"type":"if","locations":[{"start":{"line":43,"column":6},"end":{"line":46,"column":7}},{"start":{"line":43,"column":6},"end":{"line":46,"column":7}}],"line":43},"2":{"loc":{"start":{"line":68,"column":4},"end":{"line":70,"column":5}},"type":"if","locations":[{"start":{"line":68,"column":4},"end":{"line":70,"column":5}},{"start":{"line":68,"column":4},"end":{"line":70,"column":5}}],"line":68},"3":{"loc":{"start":{"line":140,"column":4},"end":{"line":140,"column":63}},"type":"if","locations":[{"start":{"line":140,"column":4},"end":{"line":140,"column":63}},{"start":{"line":140,"column":4},"end":{"line":140,"column":63}}],"line":140},"4":{"loc":{"start":{"line":163,"column":4},"end":{"line":165,"column":5}},"type":"if","locations":[{"start":{"line":163,"column":4},"end":{"line":165,"column":5}},{"start":{"line":163,"column":4},"end":{"line":165,"column":5}}],"line":163},"5":{"loc":{"start":{"line":187,"column":4},"end":{"line":187,"column":63}},"type":"if","locations":[{"start":{"line":187,"column":4},"end":{"line":187,"column":63}},{"start":{"line":187,"column":4},"end":{"line":187,"column":63}}],"line":187},"6":{"loc":{"start":{"line":205,"column":4},"end":{"line":205,"column":63}},"type":"if","locations":[{"start":{"line":205,"column":4},"end":{"line":205,"column":63}},{"start":{"line":205,"column":4},"end":{"line":205,"column":63}}],"line":205}},"s":{"0":6,"1":6,"2":6,"3":6,"4":6,"5":8,"6":8,"7":8,"8":5,"9":5,"10":4,"11":4,"12":4,"13":23,"14":23,"15":1,"16":22,"17":22,"18":22,"19":22,"20":3,"21":2,"22":5,"23":5,"24":5,"25":2,"26":3,"27":9,"28":3,"29":9,"30":8,"31":8,"32":8,"33":8,"34":8,"35":2,"36":6,"37":6,"38":5,"39":5,"40":5,"41":2,"42":6},"f":{"0":8,"1":23,"2":3,"3":5,"4":9,"5":5},"b":{"0":[5,3],"1":[4,1],"2":[1,22],"3":[2,3],"4":[3,6],"5":[2,6],"6":[2,3]},"_coverageSchema":"1a1c01bbd47fc00a2c39e90264f33305004495a9","hash":"64cc13d34eb825eae58282971b99656584600093"}
,"/Users/sandraspanikova/coding/Springboard/Node/express-jobly/routes/_testCommon.js": {"path":"/Users/sandraspanikova/coding/Springboard/Node/express-jobly/routes/_testCommon.js","statementMap":{"0":{"start":{"line":3,"column":11},"end":{"line":3,"column":30}},"1":{"start":{"line":4,"column":13},"end":{"line":4,"column":38}},"2":{"start":{"line":5,"column":16},"end":{"line":5,"column":44}},"3":{"start":{"line":6,"column":24},"end":{"line":6,"column":52}},"4":{"start":{"line":7,"column":12},"end":{"line":7,"column":39}},"5":{"start":{"line":9,"column":19},"end":{"line":9,"column":21}},"6":{"start":{"line":13,"column":2},"end":{"line":13,"column":38}},"7":{"start":{"line":15,"column":2},"end":{"line":15,"column":42}},"8":{"start":{"line":17,"column":2},"end":{"line":17,"column":37}},"9":{"start":{"line":19,"column":2},"end":{"line":25,"column":5}},"10":{"start":{"line":26,"column":2},"end":{"line":32,"column":5}},"11":{"start":{"line":33,"column":2},"end":{"line":39,"column":5}},"12":{"start":{"line":40,"column":2},"end":{"line":46,"column":5}},"13":{"start":{"line":48,"column":2},"end":{"line":55,"column":5}},"14":{"start":{"line":56,"column":2},"end":{"line":63,"column":5}},"15":{"start":{"line":64,"column":2},"end":{"line":71,"column":5}},"16":{"start":{"line":72,"column":2},"end":{"line":79,"column":5}},"17":{"start":{"line":80,"column":2},"end":{"line":85,"column":5}},"18":{"start":{"line":86,"column":2},"end":{"line":91,"column":5}},"19":{"start":{"line":92,"column":2},"end":{"line":97,"column":5}},"20":{"start":{"line":100,"column":14},"end":{"line":100,"column":33}},"21":{"start":{"line":101,"column":2},"end":{"line":103,"column":5}},"22":{"start":{"line":102,"column":4},"end":{"line":102,"column":28}},"23":{"start":{"line":107,"column":2},"end":{"line":107,"column":26}},"24":{"start":{"line":111,"column":2},"end":{"line":111,"column":29}},"25":{"start":{"line":115,"column":2},"end":{"line":115,"column":17}},"26":{"start":{"line":118,"column":16},"end":{"line":118,"column":63}},"27":{"start":{"line":119,"column":19},"end":{"line":119,"column":68}},"28":{"start":{"line":121,"column":0},"end":{"line":129,"column":2}}},"fnMap":{"0":{"name":"commonBeforeAll","decl":{"start":{"line":11,"column":15},"end":{"line":11,"column":30}},"loc":{"start":{"line":11,"column":33},"end":{"line":104,"column":1}},"line":11},"1":{"name":"(anonymous_1)","decl":{"start":{"line":101,"column":14},"end":{"line":101,"column":15}},"loc":{"start":{"line":101,"column":23},"end":{"line":103,"column":3}},"line":101},"2":{"name":"commonBeforeEach","decl":{"start":{"line":106,"column":15},"end":{"line":106,"column":31}},"loc":{"start":{"line":106,"column":34},"end":{"line":108,"column":1}},"line":106},"3":{"name":"commonAfterEach","decl":{"start":{"line":110,"column":15},"end":{"line":110,"column":30}},"loc":{"start":{"line":110,"column":33},"end":{"line":112,"column":1}},"line":110},"4":{"name":"commonAfterAll","decl":{"start":{"line":114,"column":15},"end":{"line":114,"column":29}},"loc":{"start":{"line":114,"column":32},"end":{"line":116,"column":1}},"line":114}},"branchMap":{},"s":{"0":4,"1":4,"2":4,"3":4,"4":4,"5":4,"6":4,"7":4,"8":4,"9":4,"10":4,"11":4,"12":4,"13":4,"14":4,"15":4,"16":4,"17":4,"18":4,"19":4,"20":4,"21":4,"22":12,"23":84,"24":84,"25":4,"26":4,"27":4,"28":4},"f":{"0":4,"1":12,"2":84,"3":84,"4":4},"b":{},"_coverageSchema":"1a1c01bbd47fc00a2c39e90264f33305004495a9","hash":"4a1ff8468df274deb9020765785f4f93c72016f5"}
,"/Users/sandraspanikova/coding/Springboard/Node/express-jobly/routes/auth.js": {"path":"/Users/sandraspanikova/coding/Springboard/Node/express-jobly/routes/auth.js","statementMap":{"0":{"start":{"line":5,"column":19},"end":{"line":5,"column":40}},"1":{"start":{"line":7,"column":13},"end":{"line":7,"column":38}},"2":{"start":{"line":8,"column":16},"end":{"line":8,"column":34}},"3":{"start":{"line":9,"column":15},"end":{"line":9,"column":35}},"4":{"start":{"line":10,"column":24},"end":{"line":10,"column":52}},"5":{"start":{"line":11,"column":23},"end":{"line":11,"column":58}},"6":{"start":{"line":12,"column":27},"end":{"line":12,"column":66}},"7":{"start":{"line":13,"column":28},"end":{"line":13,"column":54}},"8":{"start":{"line":22,"column":0},"end":{"line":37,"column":3}},"9":{"start":{"line":23,"column":2},"end":{"line":36,"column":3}},"10":{"start":{"line":24,"column":22},"end":{"line":24,"column":67}},"11":{"start":{"line":25,"column":4},"end":{"line":28,"column":5}},"12":{"start":{"line":26,"column":19},"end":{"line":26,"column":53}},"13":{"start":{"line":26,"column":45},"end":{"line":26,"column":52}},"14":{"start":{"line":27,"column":6},"end":{"line":27,"column":38}},"15":{"start":{"line":30,"column":35},"end":{"line":30,"column":43}},"16":{"start":{"line":31,"column":17},"end":{"line":31,"column":60}},"17":{"start":{"line":32,"column":18},"end":{"line":32,"column":35}},"18":{"start":{"line":33,"column":4},"end":{"line":33,"column":31}},"19":{"start":{"line":35,"column":4},"end":{"line":35,"column":21}},"20":{"start":{"line":49,"column":0},"end":{"line":63,"column":3}},"21":{"start":{"line":50,"column":2},"end":{"line":62,"column":3}},"22":{"start":{"line":51,"column":22},"end":{"line":51,"column":71}},"23":{"start":{"line":52,"column":4},"end":{"line":55,"column":5}},"24":{"start":{"line":53,"column":19},"end":{"line":53,"column":53}},"25":{"start":{"line":53,"column":45},"end":{"line":53,"column":52}},"26":{"start":{"line":54,"column":6},"end":{"line":54,"column":38}},"27":{"start":{"line":57,"column":20},"end":{"line":57,"column":72}},"28":{"start":{"line":58,"column":18},"end":{"line":58,"column":38}},"29":{"start":{"line":59,"column":4},"end":{"line":59,"column":43}},"30":{"start":{"line":61,"column":4},"end":{"line":61,"column":21}},"31":{"start":{"line":66,"column":0},"end":{"line":66,"column":24}}},"fnMap":{"0":{"name":"(anonymous_0)","decl":{"start":{"line":22,"column":22},"end":{"line":22,"column":23}},"loc":{"start":{"line":22,"column":54},"end":{"line":37,"column":1}},"line":22},"1":{"name":"(anonymous_1)","decl":{"start":{"line":26,"column":40},"end":{"line":26,"column":41}},"loc":{"start":{"line":26,"column":45},"end":{"line":26,"column":52}},"line":26},"2":{"name":"(anonymous_2)","decl":{"start":{"line":49,"column":25},"end":{"line":49,"column":26}},"loc":{"start":{"line":49,"column":57},"end":{"line":63,"column":1}},"line":49},"3":{"name":"(anonymous_3)","decl":{"start":{"line":53,"column":40},"end":{"line":53,"column":41}},"loc":{"start":{"line":53,"column":45},"end":{"line":53,"column":52}},"line":53}},"branchMap":{"0":{"loc":{"start":{"line":25,"column":4},"end":{"line":28,"column":5}},"type":"if","locations":[{"start":{"line":25,"column":4},"end":{"line":28,"column":5}},{"start":{"line":25,"column":4},"end":{"line":28,"column":5}}],"line":25},"1":{"loc":{"start":{"line":52,"column":4},"end":{"line":55,"column":5}},"type":"if","locations":[{"start":{"line":52,"column":4},"end":{"line":55,"column":5}},{"start":{"line":52,"column":4},"end":{"line":55,"column":5}}],"line":52}},"s":{"0":5,"1":5,"2":5,"3":5,"4":5,"5":5,"6":5,"7":5,"8":5,"9":5,"10":5,"11":5,"12":2,"13":2,"14":2,"15":3,"16":3,"17":1,"18":1,"19":4,"20":5,"21":3,"22":3,"23":3,"24":2,"25":5,"26":2,"27":1,"28":1,"29":1,"30":2,"31":5},"f":{"0":5,"1":2,"2":3,"3":5},"b":{"0":[2,3],"1":[2,1]},"_coverageSchema":"1a1c01bbd47fc00a2c39e90264f33305004495a9","hash":"66711fb894e123c17859abdc3103b3c8b2e5f081"}
,"/Users/sandraspanikova/coding/Springboard/Node/express-jobly/routes/companies.js": {"path":"/Users/sandraspanikova/coding/Springboard/Node/express-jobly/routes/companies.js","statementMap":{"0":{"start":{"line":5,"column":19},"end":{"line":5,"column":40}},"1":{"start":{"line":6,"column":16},"end":{"line":6,"column":34}},"2":{"start":{"line":8,"column":28},"end":{"line":8,"column":54}},"3":{"start":{"line":9,"column":42},"end":{"line":9,"column":71}},"4":{"start":{"line":10,"column":16},"end":{"line":10,"column":44}},"5":{"start":{"line":12,"column":25},"end":{"line":12,"column":62}},"6":{"start":{"line":13,"column":28},"end":{"line":13,"column":68}},"7":{"start":{"line":14,"column":28},"end":{"line":14,"column":68}},"8":{"start":{"line":16,"column":15},"end":{"line":16,"column":35}},"9":{"start":{"line":27,"column":0},"end":{"line":45,"column":2}},"10":{"start":{"line":32,"column":4},"end":{"line":43,"column":5}},"11":{"start":{"line":33,"column":24},"end":{"line":33,"column":71}},"12":{"start":{"line":34,"column":6},"end":{"line":37,"column":7}},"13":{"start":{"line":35,"column":21},"end":{"line":35,"column":57}},"14":{"start":{"line":35,"column":49},"end":{"line":35,"column":56}},"15":{"start":{"line":36,"column":8},"end":{"line":36,"column":40}},"16":{"start":{"line":39,"column":22},"end":{"line":39,"column":52}},"17":{"start":{"line":40,"column":6},"end":{"line":40,"column":47}},"18":{"start":{"line":42,"column":6},"end":{"line":42,"column":23}},"19":{"start":{"line":58,"column":0},"end":{"line":86,"column":3}},"20":{"start":{"line":59,"column":2},"end":{"line":85,"column":3}},"21":{"start":{"line":61,"column":4},"end":{"line":62,"column":55}},"22":{"start":{"line":62,"column":6},"end":{"line":62,"column":55}},"23":{"start":{"line":63,"column":4},"end":{"line":64,"column":55}},"24":{"start":{"line":64,"column":6},"end":{"line":64,"column":55}},"25":{"start":{"line":66,"column":22},"end":{"line":66,"column":73}},"26":{"start":{"line":67,"column":4},"end":{"line":70,"column":5}},"27":{"start":{"line":68,"column":19},"end":{"line":68,"column":55}},"28":{"start":{"line":68,"column":47},"end":{"line":68,"column":54}},"29":{"start":{"line":69,"column":6},"end":{"line":69,"column":38}},"30":{"start":{"line":72,"column":49},"end":{"line":72,"column":58}},"31":{"start":{"line":75,"column":4},"end":{"line":78,"column":5}},"32":{"start":{"line":76,"column":24},"end":{"line":76,"column":55}},"33":{"start":{"line":77,"column":6},"end":{"line":77,"column":37}},"34":{"start":{"line":81,"column":22},"end":{"line":81,"column":45}},"35":{"start":{"line":82,"column":4},"end":{"line":82,"column":35}},"36":{"start":{"line":84,"column":4},"end":{"line":84,"column":21}},"37":{"start":{"line":96,"column":0},"end":{"line":103,"column":3}},"38":{"start":{"line":97,"column":2},"end":{"line":102,"column":3}},"39":{"start":{"line":98,"column":20},"end":{"line":98,"column":56}},"40":{"start":{"line":99,"column":4},"end":{"line":99,"column":33}},"41":{"start":{"line":101,"column":4},"end":{"line":101,"column":21}},"42":{"start":{"line":116,"column":0},"end":{"line":134,"column":2}},"43":{"start":{"line":121,"column":4},"end":{"line":132,"column":5}},"44":{"start":{"line":122,"column":24},"end":{"line":122,"column":74}},"45":{"start":{"line":123,"column":6},"end":{"line":126,"column":7}},"46":{"start":{"line":124,"column":21},"end":{"line":124,"column":57}},"47":{"start":{"line":124,"column":49},"end":{"line":124,"column":56}},"48":{"start":{"line":125,"column":8},"end":{"line":125,"column":40}},"49":{"start":{"line":128,"column":22},"end":{"line":128,"column":71}},"50":{"start":{"line":129,"column":6},"end":{"line":129,"column":35}},"51":{"start":{"line":131,"column":6},"end":{"line":131,"column":23}},"52":{"start":{"line":141,"column":0},"end":{"line":153,"column":2}},"53":{"start":{"line":146,"column":4},"end":{"line":151,"column":5}},"54":{"start":{"line":147,"column":6},"end":{"line":147,"column":46}},"55":{"start":{"line":148,"column":6},"end":{"line":148,"column":54}},"56":{"start":{"line":150,"column":6},"end":{"line":150,"column":23}},"57":{"start":{"line":155,"column":0},"end":{"line":155,"column":24}}},"fnMap":{"0":{"name":"(anonymous_0)","decl":{"start":{"line":31,"column":2},"end":{"line":31,"column":3}},"loc":{"start":{"line":31,"column":34},"end":{"line":44,"column":3}},"line":31},"1":{"name":"(anonymous_1)","decl":{"start":{"line":35,"column":42},"end":{"line":35,"column":43}},"loc":{"start":{"line":35,"column":49},"end":{"line":35,"column":56}},"line":35},"2":{"name":"(anonymous_2)","decl":{"start":{"line":58,"column":16},"end":{"line":58,"column":17}},"loc":{"start":{"line":58,"column":48},"end":{"line":86,"column":1}},"line":58},"3":{"name":"(anonymous_3)","decl":{"start":{"line":68,"column":40},"end":{"line":68,"column":41}},"loc":{"start":{"line":68,"column":47},"end":{"line":68,"column":54}},"line":68},"4":{"name":"(anonymous_4)","decl":{"start":{"line":96,"column":23},"end":{"line":96,"column":24}},"loc":{"start":{"line":96,"column":55},"end":{"line":103,"column":1}},"line":96},"5":{"name":"(anonymous_5)","decl":{"start":{"line":120,"column":2},"end":{"line":120,"column":3}},"loc":{"start":{"line":120,"column":34},"end":{"line":133,"column":3}},"line":120},"6":{"name":"(anonymous_6)","decl":{"start":{"line":124,"column":42},"end":{"line":124,"column":43}},"loc":{"start":{"line":124,"column":49},"end":{"line":124,"column":56}},"line":124},"7":{"name":"(anonymous_7)","decl":{"start":{"line":145,"column":2},"end":{"line":145,"column":3}},"loc":{"start":{"line":145,"column":34},"end":{"line":152,"column":3}},"line":145}},"branchMap":{"0":{"loc":{"start":{"line":34,"column":6},"end":{"line":37,"column":7}},"type":"if","locations":[{"start":{"line":34,"column":6},"end":{"line":37,"column":7}},{"start":{"line":34,"column":6},"end":{"line":37,"column":7}}],"line":34},"1":{"loc":{"start":{"line":61,"column":4},"end":{"line":62,"column":55}},"type":"if","locations":[{"start":{"line":61,"column":4},"end":{"line":62,"column":55}},{"start":{"line":61,"column":4},"end":{"line":62,"column":55}}],"line":61},"2":{"loc":{"start":{"line":63,"column":4},"end":{"line":64,"column":55}},"type":"if","locations":[{"start":{"line":63,"column":4},"end":{"line":64,"column":55}},{"start":{"line":63,"column":4},"end":{"line":64,"column":55}}],"line":63},"3":{"loc":{"start":{"line":67,"column":4},"end":{"line":70,"column":5}},"type":"if","locations":[{"start":{"line":67,"column":4},"end":{"line":70,"column":5}},{"start":{"line":67,"column":4},"end":{"line":70,"column":5}}],"line":67},"4":{"loc":{"start":{"line":75,"column":4},"end":{"line":78,"column":5}},"type":"if","locations":[{"start":{"line":75,"column":4},"end":{"line":78,"column":5}},{"start":{"line":75,"column":4},"end":{"line":78,"column":5}}],"line":75},"5":{"loc":{"start":{"line":75,"column":8},"end":{"line":75,"column":44}},"type":"binary-expr","locations":[{"start":{"line":75,"column":8},"end":{"line":75,"column":20}},{"start":{"line":75,"column":24},"end":{"line":75,"column":36}},{"start":{"line":75,"column":40},"end":{"line":75,"column":44}}],"line":75},"6":{"loc":{"start":{"line":123,"column":6},"end":{"line":126,"column":7}},"type":"if","locations":[{"start":{"line":123,"column":6},"end":{"line":126,"column":7}},{"start":{"line":123,"column":6},"end":{"line":126,"column":7}}],"line":123}},"s":{"0":5,"1":5,"2":5,"3":5,"4":5,"5":5,"6":5,"7":5,"8":5,"9":5,"10":3,"11":3,"12":3,"13":2,"14":3,"15":2,"16":1,"17":1,"18":2,"19":5,"20":5,"21":5,"22":2,"23":5,"24":2,"25":5,"26":5,"27":1,"28":1,"29":1,"30":4,"31":4,"32":2,"33":2,"34":2,"35":1,"36":2,"37":5,"38":3,"39":3,"40":2,"41":1,"42":5,"43":4,"44":4,"45":4,"46":2,"47":2,"48":2,"49":2,"50":1,"51":3,"52":5,"53":2,"54":2,"55":1,"56":1,"57":5},"f":{"0":3,"1":3,"2":5,"3":1,"4":3,"5":4,"6":2,"7":2},"b":{"0":[2,1],"1":[2,3],"2":[2,3],"3":[1,4],"4":[2,2],"5":[4,3,3],"6":[2,2]},"_coverageSchema":"1a1c01bbd47fc00a2c39e90264f33305004495a9","hash":"5530395135fbffdd00601138f59371c7d73d20b9"}
,"/Users/sandraspanikova/coding/Springboard/Node/express-jobly/routes/jobs.js": {"path":"/Users/sandraspanikova/coding/Springboard/Node/express-jobly/routes/jobs.js","statementMap":{"0":{"start":{"line":5,"column":19},"end":{"line":5,"column":40}},"1":{"start":{"line":6,"column":16},"end":{"line":6,"column":34}},"2":{"start":{"line":8,"column":28},"end":{"line":8,"column":54}},"3":{"start":{"line":9,"column":42},"end":{"line":9,"column":71}},"4":{"start":{"line":10,"column":12},"end":{"line":10,"column":36}},"5":{"start":{"line":12,"column":21},"end":{"line":12,"column":54}},"6":{"start":{"line":13,"column":24},"end":{"line":13,"column":60}},"7":{"start":{"line":14,"column":24},"end":{"line":14,"column":60}},"8":{"start":{"line":16,"column":15},"end":{"line":16,"column":35}},"9":{"start":{"line":27,"column":0},"end":{"line":45,"column":2}},"10":{"start":{"line":32,"column":4},"end":{"line":43,"column":5}},"11":{"start":{"line":33,"column":24},"end":{"line":33,"column":67}},"12":{"start":{"line":34,"column":6},"end":{"line":37,"column":7}},"13":{"start":{"line":35,"column":21},"end":{"line":35,"column":57}},"14":{"start":{"line":35,"column":49},"end":{"line":35,"column":56}},"15":{"start":{"line":36,"column":8},"end":{"line":36,"column":40}},"16":{"start":{"line":39,"column":18},"end":{"line":39,"column":44}},"17":{"start":{"line":40,"column":6},"end":{"line":40,"column":43}},"18":{"start":{"line":42,"column":6},"end":{"line":42,"column":23}},"19":{"start":{"line":59,"column":0},"end":{"line":90,"column":3}},"20":{"start":{"line":60,"column":2},"end":{"line":89,"column":3}},"21":{"start":{"line":62,"column":4},"end":{"line":62,"column":79}},"22":{"start":{"line":62,"column":29},"end":{"line":62,"column":79}},"23":{"start":{"line":64,"column":4},"end":{"line":68,"column":5}},"24":{"start":{"line":65,"column":6},"end":{"line":67,"column":40}},"25":{"start":{"line":70,"column":22},"end":{"line":70,"column":69}},"26":{"start":{"line":71,"column":4},"end":{"line":74,"column":5}},"27":{"start":{"line":72,"column":19},"end":{"line":72,"column":55}},"28":{"start":{"line":72,"column":47},"end":{"line":72,"column":54}},"29":{"start":{"line":73,"column":6},"end":{"line":73,"column":38}},"30":{"start":{"line":76,"column":44},"end":{"line":76,"column":53}},"31":{"start":{"line":79,"column":4},"end":{"line":82,"column":5}},"32":{"start":{"line":80,"column":19},"end":{"line":80,"column":46}},"33":{"start":{"line":81,"column":6},"end":{"line":81,"column":32}},"34":{"start":{"line":85,"column":17},"end":{"line":85,"column":36}},"35":{"start":{"line":86,"column":4},"end":{"line":86,"column":30}},"36":{"start":{"line":88,"column":4},"end":{"line":88,"column":21}},"37":{"start":{"line":100,"column":0},"end":{"line":107,"column":3}},"38":{"start":{"line":101,"column":2},"end":{"line":106,"column":3}},"39":{"start":{"line":102,"column":16},"end":{"line":102,"column":44}},"40":{"start":{"line":103,"column":4},"end":{"line":103,"column":29}},"41":{"start":{"line":105,"column":4},"end":{"line":105,"column":21}},"42":{"start":{"line":120,"column":0},"end":{"line":138,"column":2}},"43":{"start":{"line":125,"column":4},"end":{"line":136,"column":5}},"44":{"start":{"line":126,"column":24},"end":{"line":126,"column":70}},"45":{"start":{"line":127,"column":6},"end":{"line":130,"column":7}},"46":{"start":{"line":128,"column":21},"end":{"line":128,"column":57}},"47":{"start":{"line":128,"column":49},"end":{"line":128,"column":56}},"48":{"start":{"line":129,"column":8},"end":{"line":129,"column":40}},"49":{"start":{"line":132,"column":18},"end":{"line":132,"column":59}},"50":{"start":{"line":133,"column":6},"end":{"line":133,"column":31}},"51":{"start":{"line":135,"column":6},"end":{"line":135,"column":23}},"52":{"start":{"line":145,"column":0},"end":{"line":157,"column":2}},"53":{"start":{"line":150,"column":4},"end":{"line":155,"column":5}},"54":{"start":{"line":151,"column":6},"end":{"line":151,"column":38}},"55":{"start":{"line":152,"column":6},"end":{"line":152,"column":58}},"56":{"start":{"line":154,"column":6},"end":{"line":154,"column":23}},"57":{"start":{"line":159,"column":0},"end":{"line":159,"column":24}}},"fnMap":{"0":{"name":"(anonymous_0)","decl":{"start":{"line":31,"column":2},"end":{"line":31,"column":3}},"loc":{"start":{"line":31,"column":34},"end":{"line":44,"column":3}},"line":31},"1":{"name":"(anonymous_1)","decl":{"start":{"line":35,"column":42},"end":{"line":35,"column":43}},"loc":{"start":{"line":35,"column":49},"end":{"line":35,"column":56}},"line":35},"2":{"name":"(anonymous_2)","decl":{"start":{"line":59,"column":16},"end":{"line":59,"column":17}},"loc":{"start":{"line":59,"column":48},"end":{"line":90,"column":1}},"line":59},"3":{"name":"(anonymous_3)","decl":{"start":{"line":72,"column":40},"end":{"line":72,"column":41}},"loc":{"start":{"line":72,"column":47},"end":{"line":72,"column":54}},"line":72},"4":{"name":"(anonymous_4)","decl":{"start":{"line":100,"column":19},"end":{"line":100,"column":20}},"loc":{"start":{"line":100,"column":51},"end":{"line":107,"column":1}},"line":100},"5":{"name":"(anonymous_5)","decl":{"start":{"line":124,"column":2},"end":{"line":124,"column":3}},"loc":{"start":{"line":124,"column":34},"end":{"line":137,"column":3}},"line":124},"6":{"name":"(anonymous_6)","decl":{"start":{"line":128,"column":42},"end":{"line":128,"column":43}},"loc":{"start":{"line":128,"column":49},"end":{"line":128,"column":56}},"line":128},"7":{"name":"(anonymous_7)","decl":{"start":{"line":149,"column":2},"end":{"line":149,"column":3}},"loc":{"start":{"line":149,"column":34},"end":{"line":156,"column":3}},"line":149}},"branchMap":{"0":{"loc":{"start":{"line":34,"column":6},"end":{"line":37,"column":7}},"type":"if","locations":[{"start":{"line":34,"column":6},"end":{"line":37,"column":7}},{"start":{"line":34,"column":6},"end":{"line":37,"column":7}}],"line":34},"1":{"loc":{"start":{"line":62,"column":4},"end":{"line":62,"column":79}},"type":"if","locations":[{"start":{"line":62,"column":4},"end":{"line":62,"column":79}},{"start":{"line":62,"column":4},"end":{"line":62,"column":79}}],"line":62},"2":{"loc":{"start":{"line":64,"column":4},"end":{"line":68,"column":5}},"type":"if","locations":[{"start":{"line":64,"column":4},"end":{"line":68,"column":5}},{"start":{"line":64,"column":4},"end":{"line":68,"column":5}}],"line":64},"3":{"loc":{"start":{"line":65,"column":6},"end":{"line":67,"column":39}},"type":"cond-expr","locations":[{"start":{"line":66,"column":11},"end":{"line":66,"column":37}},{"start":{"line":67,"column":11},"end":{"line":67,"column":38}}],"line":65},"4":{"loc":{"start":{"line":71,"column":4},"end":{"line":74,"column":5}},"type":"if","locations":[{"start":{"line":71,"column":4},"end":{"line":74,"column":5}},{"start":{"line":71,"column":4},"end":{"line":74,"column":5}}],"line":71},"5":{"loc":{"start":{"line":79,"column":4},"end":{"line":82,"column":5}},"type":"if","locations":[{"start":{"line":79,"column":4},"end":{"line":82,"column":5}},{"start":{"line":79,"column":4},"end":{"line":82,"column":5}}],"line":79},"6":{"loc":{"start":{"line":79,"column":8},"end":{"line":79,"column":39}},"type":"binary-expr","locations":[{"start":{"line":79,"column":8},"end":{"line":79,"column":13}},{"start":{"line":79,"column":17},"end":{"line":79,"column":26}},{"start":{"line":79,"column":30},"end":{"line":79,"column":39}}],"line":79},"7":{"loc":{"start":{"line":127,"column":6},"end":{"line":130,"column":7}},"type":"if","locations":[{"start":{"line":127,"column":6},"end":{"line":130,"column":7}},{"start":{"line":127,"column":6},"end":{"line":130,"column":7}}],"line":127}},"s":{"0":5,"1":5,"2":5,"3":5,"4":5,"5":5,"6":5,"7":5,"8":5,"9":5,"10":3,"11":3,"12":3,"13":2,"14":3,"15":2,"16":1,"17":1,"18":2,"19":5,"20":7,"21":7,"22":3,"23":7,"24":3,"25":7,"26":7,"27":1,"28":1,"29":1,"30":6,"31":6,"32":4,"33":4,"34":2,"35":1,"36":2,"37":5,"38":2,"39":2,"40":1,"41":1,"42":5,"43":5,"44":5,"45":5,"46":2,"47":3,"48":2,"49":3,"50":2,"51":3,"52":5,"53":2,"54":2,"55":1,"56":1,"57":5},"f":{"0":3,"1":3,"2":7,"3":1,"4":2,"5":5,"6":3,"7":2},"b":{"0":[2,1],"1":[3,4],"2":[3,4],"3":[2,1],"4":[1,6],"5":[4,2],"6":[6,2,2],"7":[2,3]},"_coverageSchema":"1a1c01bbd47fc00a2c39e90264f33305004495a9","hash":"fb52c81c618f4529a3beb9b4cad6b03e30f569cd"}
,"/Users/sandraspanikova/coding/Springboard/Node/express-jobly/routes/users.js": {"path":"/Users/sandraspanikova/coding/Springboard/Node/express-jobly/routes/users.js","statementMap":{"0":{"start":{"line":5,"column":19},"end":{"line":5,"column":40}},"1":{"start":{"line":7,"column":16},"end":{"line":7,"column":34}},"2":{"start":{"line":12,"column":4},"end":{"line":12,"column":33}},"3":{"start":{"line":13,"column":28},"end":{"line":13,"column":54}},"4":{"start":{"line":14,"column":13},"end":{"line":14,"column":38}},"5":{"start":{"line":15,"column":24},"end":{"line":15,"column":52}},"6":{"start":{"line":16,"column":22},"end":{"line":16,"column":56}},"7":{"start":{"line":17,"column":25},"end":{"line":17,"column":62}},"8":{"start":{"line":19,"column":15},"end":{"line":19,"column":31}},"9":{"start":{"line":33,"column":0},"end":{"line":52,"column":2}},"10":{"start":{"line":38,"column":4},"end":{"line":50,"column":5}},"11":{"start":{"line":39,"column":24},"end":{"line":39,"column":68}},"12":{"start":{"line":40,"column":6},"end":{"line":43,"column":7}},"13":{"start":{"line":41,"column":21},"end":{"line":41,"column":57}},"14":{"start":{"line":41,"column":49},"end":{"line":41,"column":56}},"15":{"start":{"line":42,"column":8},"end":{"line":42,"column":40}},"16":{"start":{"line":45,"column":19},"end":{"line":45,"column":48}},"17":{"start":{"line":46,"column":20},"end":{"line":46,"column":37}},"18":{"start":{"line":47,"column":6},"end":{"line":47,"column":51}},"19":{"start":{"line":49,"column":6},"end":{"line":49,"column":23}},"20":{"start":{"line":61,"column":0},"end":{"line":68,"column":3}},"21":{"start":{"line":62,"column":2},"end":{"line":67,"column":3}},"22":{"start":{"line":63,"column":18},"end":{"line":63,"column":38}},"23":{"start":{"line":64,"column":4},"end":{"line":64,"column":31}},"24":{"start":{"line":66,"column":4},"end":{"line":66,"column":21}},"25":{"start":{"line":77,"column":0},"end":{"line":89,"column":2}},"26":{"start":{"line":82,"column":4},"end":{"line":87,"column":5}},"27":{"start":{"line":83,"column":19},"end":{"line":83,"column":54}},"28":{"start":{"line":84,"column":6},"end":{"line":84,"column":32}},"29":{"start":{"line":86,"column":6},"end":{"line":86,"column":23}},"30":{"start":{"line":101,"column":0},"end":{"line":119,"column":2}},"31":{"start":{"line":106,"column":4},"end":{"line":117,"column":5}},"32":{"start":{"line":107,"column":24},"end":{"line":107,"column":71}},"33":{"start":{"line":108,"column":6},"end":{"line":111,"column":7}},"34":{"start":{"line":109,"column":21},"end":{"line":109,"column":57}},"35":{"start":{"line":109,"column":49},"end":{"line":109,"column":56}},"36":{"start":{"line":110,"column":8},"end":{"line":110,"column":40}},"37":{"start":{"line":113,"column":19},"end":{"line":113,"column":67}},"38":{"start":{"line":114,"column":6},"end":{"line":114,"column":32}},"39":{"start":{"line":116,"column":6},"end":{"line":116,"column":23}},"40":{"start":{"line":126,"column":0},"end":{"line":138,"column":2}},"41":{"start":{"line":131,"column":4},"end":{"line":136,"column":5}},"42":{"start":{"line":132,"column":6},"end":{"line":132,"column":45}},"43":{"start":{"line":133,"column":6},"end":{"line":133,"column":56}},"44":{"start":{"line":135,"column":6},"end":{"line":135,"column":23}},"45":{"start":{"line":140,"column":0},"end":{"line":140,"column":24}}},"fnMap":{"0":{"name":"(anonymous_0)","decl":{"start":{"line":37,"column":2},"end":{"line":37,"column":3}},"loc":{"start":{"line":37,"column":34},"end":{"line":51,"column":3}},"line":37},"1":{"name":"(anonymous_1)","decl":{"start":{"line":41,"column":42},"end":{"line":41,"column":43}},"loc":{"start":{"line":41,"column":49},"end":{"line":41,"column":56}},"line":41},"2":{"name":"(anonymous_2)","decl":{"start":{"line":61,"column":47},"end":{"line":61,"column":48}},"loc":{"start":{"line":61,"column":79},"end":{"line":68,"column":1}},"line":61},"3":{"name":"(anonymous_3)","decl":{"start":{"line":81,"column":2},"end":{"line":81,"column":3}},"loc":{"start":{"line":81,"column":34},"end":{"line":88,"column":3}},"line":81},"4":{"name":"(anonymous_4)","decl":{"start":{"line":105,"column":2},"end":{"line":105,"column":3}},"loc":{"start":{"line":105,"column":34},"end":{"line":118,"column":3}},"line":105},"5":{"name":"(anonymous_5)","decl":{"start":{"line":109,"column":42},"end":{"line":109,"column":43}},"loc":{"start":{"line":109,"column":49},"end":{"line":109,"column":56}},"line":109},"6":{"name":"(anonymous_6)","decl":{"start":{"line":130,"column":2},"end":{"line":130,"column":3}},"loc":{"start":{"line":130,"column":34},"end":{"line":137,"column":3}},"line":130}},"branchMap":{"0":{"loc":{"start":{"line":40,"column":6},"end":{"line":43,"column":7}},"type":"if","locations":[{"start":{"line":40,"column":6},"end":{"line":43,"column":7}},{"start":{"line":40,"column":6},"end":{"line":43,"column":7}}],"line":40},"1":{"loc":{"start":{"line":108,"column":6},"end":{"line":111,"column":7}},"type":"if","locations":[{"start":{"line":108,"column":6},"end":{"line":111,"column":7}},{"start":{"line":108,"column":6},"end":{"line":111,"column":7}}],"line":108}},"s":{"0":5,"1":5,"2":5,"3":5,"4":5,"5":5,"6":5,"7":5,"8":5,"9":5,"10":4,"11":4,"12":4,"13":2,"14":5,"15":2,"16":2,"17":2,"18":2,"19":2,"20":5,"21":2,"22":2,"23":1,"24":1,"25":5,"26":3,"27":3,"28":2,"29":1,"30":5,"31":6,"32":6,"33":6,"34":1,"35":1,"36":1,"37":5,"38":4,"39":2,"40":5,"41":3,"42":3,"43":2,"44":1,"45":5},"f":{"0":4,"1":5,"2":2,"3":3,"4":6,"5":1,"6":3},"b":{"0":[2,2],"1":[1,5]},"_coverageSchema":"1a1c01bbd47fc00a2c39e90264f33305004495a9","hash":"1bd5fc1120a02c6a48dbb366eee6cf0e5bc1d638"}
}
