TN:
SF:app.js
FN:31,(anonymous_0)
FN:36,(anonymous_1)
FNF:2
FNH:2
FNDA:2,(anonymous_0)
FNDA:55,(anonymous_1)
DA:5,5
DA:6,5
DA:8,5
DA:10,5
DA:11,5
DA:12,5
DA:13,5
DA:14,5
DA:16,5
DA:18,5
DA:20,5
DA:21,5
DA:22,5
DA:23,5
DA:25,5
DA:26,5
DA:27,5
DA:28,5
DA:31,5
DA:32,2
DA:36,5
DA:37,55
DA:38,55
DA:39,55
DA:41,55
DA:46,5
LF:26
LH:26
BRDA:37,0,0,1
BRDA:37,0,1,54
BRDA:38,1,0,55
BRDA:38,1,1,3
BRF:4
BRH:4
end_of_record
TN:
SF:config.js
FN:13,getDatabaseUri
FNF:1
FNH:1
FNDA:22,getDatabaseUri
DA:5,11
DA:6,11
DA:8,11
DA:10,11
DA:14,22
DA:22,11
DA:24,11
DA:25,11
DA:26,11
DA:27,11
DA:28,11
DA:29,11
DA:30,11
DA:32,11
LF:14
LH:14
BRDA:8,0,0,11
BRDA:8,0,1,10
BRDA:10,1,0,11
BRDA:10,1,1,10
BRDA:14,2,0,19
BRDA:14,2,1,3
BRDA:16,3,0,3
BRDA:16,3,1,1
BRDA:22,4,0,10
BRDA:22,4,1,1
BRF:10
BRH:10
end_of_record
TN:
SF:db.js
FNF:0
FNH:0
DA:5,8
DA:6,8
DA:8,8
DA:12,8
DA:14,8
LF:5
LH:5
BRF:0
BRH:0
end_of_record
TN:
SF:expressError.js
FN:8,(anonymous_0)
FN:18,(anonymous_1)
FN:26,(anonymous_2)
FN:34,(anonymous_3)
FNF:4
FNH:4
FNDA:73,(anonymous_0)
FNDA:22,(anonymous_1)
FNDA:27,(anonymous_2)
FNDA:24,(anonymous_3)
DA:9,73
DA:10,73
DA:11,73
DA:19,22
DA:27,27
DA:35,24
DA:47,10
LF:7
LH:7
BRDA:18,0,0,2
BRDA:26,1,0,12
BRDA:34,2,0,0
BRF:3
BRH:2
end_of_record
TN:
SF:helpers/sql.js
FN:16,sqlForPartialUpdate
FN:22,(anonymous_1)
FNF:2
FNH:2
FNDA:24,sqlForPartialUpdate
FNDA:42,(anonymous_1)
DA:1,9
DA:17,24
DA:18,24
DA:21,21
DA:22,42
DA:25,21
DA:31,9
LF:7
LH:7
BRDA:18,0,0,3
BRDA:18,0,1,21
BRDA:22,1,0,42
BRDA:22,1,1,27
BRF:4
BRH:4
end_of_record
TN:
SF:helpers/tokens.js
FN:6,createToken
FNF:1
FNH:1
FNDA:15,createToken
DA:1,6
DA:2,6
DA:7,15
DA:10,15
DA:15,15
DA:18,6
LF:6
LH:6
BRDA:12,0,0,15
BRDA:12,0,1,9
BRF:2
BRH:2
end_of_record
TN:
SF:middleware/auth.js
FN:17,authenticateJWT
FN:41,ensureLoggedIn
FN:55,ensureIsAdmin
FN:65,ensureIsAdminOrSelf
FNF:4
FNH:4
FNDA:89,authenticateJWT
FNDA:61,ensureLoggedIn
FNDA:33,ensureIsAdmin
FNDA:15,ensureIsAdminOrSelf
DA:5,6
DA:6,6
DA:7,6
DA:18,89
DA:25,89
DA:26,89
DA:27,52
DA:28,52
DA:30,88
DA:32,1
DA:42,61
DA:43,61
DA:44,49
DA:46,12
DA:56,33
DA:57,33
DA:58,8
DA:59,25
DA:61,8
DA:66,15
DA:67,15
DA:68,15
DA:69,12
DA:71,3
DA:74,3
DA:78,6
LF:26
LH:26
BRDA:25,0,0,89
BRDA:25,0,1,88
BRDA:26,1,0,52
BRDA:26,1,1,37
BRDA:43,2,0,12
BRDA:43,2,1,49
BRDA:57,3,0,8
BRDA:57,3,1,25
BRDA:68,4,0,12
BRDA:68,4,1,3
BRDA:68,5,0,15
BRDA:68,5,1,11
BRF:12
BRH:12
end_of_record
TN:
SF:models/_testCommon.js
FN:8,commonBeforeAll
FN:46,(anonymous_1)
FN:49,commonBeforeEach
FN:53,commonAfterEach
FN:57,commonAfterAll
FNF:5
FNH:5
FNDA:3,commonBeforeAll
FNDA:9,(anonymous_1)
FNDA:50,commonBeforeEach
FNDA:50,commonAfterEach
FNDA:3,commonAfterAll
DA:1,3
DA:3,3
DA:4,3
DA:6,3
DA:10,3
DA:12,3
DA:14,3
DA:16,3
DA:23,3
DA:39,3
DA:46,9
DA:50,50
DA:54,50
DA:58,3
DA:61,3
LF:15
LH:15
BRF:0
BRH:0
end_of_record
TN:
SF:models/company.js
FN:19,(anonymous_0)
FN:47,(anonymous_1)
FN:62,(anonymous_2)
FN:157,(anonymous_3)
FN:178,(anonymous_4)
FN:207,(anonymous_5)
FN:235,(anonymous_6)
FNF:7
FNH:7
FNDA:20,(anonymous_0)
FNDA:3,(anonymous_1)
FNDA:8,(anonymous_2)
FNDA:6,(anonymous_3)
FNDA:4,(anonymous_4)
FNDA:6,(anonymous_5)
FNDA:4,(anonymous_6)
DA:3,6
DA:4,6
DA:5,6
DA:20,20
DA:27,20
DA:28,1
DA:30,19
DA:37,19
DA:39,19
DA:48,3
DA:57,2
DA:63,8
DA:70,8
DA:71,1
DA:77,7
DA:83,7
DA:85,7
DA:86,7
DA:87,7
DA:88,7
DA:90,7
DA:91,6
DA:92,6
DA:93,6
DA:98,7
DA:99,3
DA:100,3
DA:101,3
DA:106,7
DA:107,3
DA:108,3
DA:109,3
DA:114,7
DA:115,6
DA:119,1
DA:124,7
DA:141,7
DA:142,1
DA:146,6
DA:158,6
DA:173,6
DA:174,2
DA:176,4
DA:178,4
DA:179,4
DA:180,2
DA:184,4
DA:189,4
DA:190,4
DA:192,4
DA:208,6
DA:212,5
DA:214,5
DA:222,5
DA:223,5
DA:225,5
DA:227,3
DA:236,4
DA:243,4
DA:245,4
DA:249,6
LF:61
LH:61
BRDA:27,0,0,1
BRDA:27,0,1,19
BRDA:70,1,0,1
BRDA:70,1,1,7
BRDA:90,2,0,6
BRDA:90,2,1,1
BRDA:98,3,0,3
BRDA:98,3,1,4
BRDA:106,4,0,3
BRDA:106,4,1,4
BRDA:114,5,0,6
BRDA:114,5,1,1
BRDA:141,6,0,1
BRDA:141,6,1,6
BRDA:173,7,0,2
BRDA:173,7,1,4
BRDA:179,8,0,2
BRDA:179,8,1,2
BRDA:225,9,0,2
BRDA:225,9,1,3
BRDA:245,10,0,2
BRDA:245,10,1,2
BRF:22
BRH:22
end_of_record
TN:
SF:models/job.js
FN:19,(anonymous_0)
FN:49,(anonymous_1)
FN:67,(anonymous_2)
FN:116,(anonymous_3)
FN:147,(anonymous_4)
FN:172,(anonymous_5)
FNF:6
FNH:6
FNDA:15,(anonymous_0)
FNDA:7,(anonymous_1)
FNDA:10,(anonymous_2)
FNDA:4,(anonymous_3)
FNDA:7,(anonymous_4)
FNDA:4,(anonymous_5)
DA:3,6
DA:4,6
DA:5,6
DA:21,15
DA:28,15
DA:29,1
DA:32,14
DA:39,14
DA:41,14
DA:50,7
DA:59,6
DA:68,10
DA:71,10
DA:72,10
DA:75,10
DA:76,10
DA:77,10
DA:79,10
DA:80,8
DA:81,8
DA:82,8
DA:85,10
DA:86,5
DA:87,5
DA:88,5
DA:91,10
DA:92,4
DA:95,10
DA:97,10
DA:102,10
DA:103,1
DA:106,9
DA:117,4
DA:128,4
DA:130,4
DA:132,2
DA:148,7
DA:149,6
DA:151,6
DA:159,6
DA:160,6
DA:162,6
DA:164,4
DA:173,4
DA:180,4
DA:182,4
DA:186,6
LF:47
LH:47
BRDA:28,0,0,1
BRDA:28,0,1,14
BRDA:79,1,0,8
BRDA:79,1,1,2
BRDA:85,2,0,5
BRDA:85,2,1,5
BRDA:91,3,0,4
BRDA:91,3,1,6
BRDA:102,4,0,1
BRDA:102,4,1,9
BRDA:130,5,0,2
BRDA:130,5,1,2
BRDA:162,6,0,2
BRDA:162,6,1,4
BRDA:182,7,0,2
BRDA:182,7,1,2
BRF:16
BRH:16
end_of_record
TN:
SF:models/user.js
FN:24,(anonymous_0)
FN:59,(anonymous_1)
FN:104,(anonymous_2)
FN:126,(anonymous_3)
FN:162,(anonymous_4)
FN:195,(anonymous_5)
FNF:6
FNH:6
FNDA:8,(anonymous_0)
FNDA:23,(anonymous_1)
FNDA:3,(anonymous_2)
FNDA:5,(anonymous_3)
FNDA:9,(anonymous_4)
FNDA:5,(anonymous_5)
DA:3,6
DA:4,6
DA:5,6
DA:10,6
DA:12,6
DA:26,8
DA:38,8
DA:40,8
DA:42,5
DA:43,5
DA:44,4
DA:45,4
DA:49,4
DA:61,23
DA:68,23
DA:69,1
DA:72,22
DA:74,22
DA:94,22
DA:96,22
DA:105,3
DA:115,2
DA:127,5
DA:138,5
DA:140,5
DA:142,3
DA:163,9
DA:164,3
DA:167,9
DA:174,8
DA:176,8
DA:184,8
DA:185,8
DA:187,8
DA:189,6
DA:190,6
DA:196,5
DA:203,5
DA:205,5
DA:210,6
LF:40
LH:40
BRDA:40,0,0,5
BRDA:40,0,1,3
BRDA:43,1,0,4
BRDA:43,1,1,1
BRDA:68,2,0,1
BRDA:68,2,1,22
BRDA:140,3,0,2
BRDA:140,3,1,3
BRDA:163,4,0,3
BRDA:163,4,1,6
BRDA:187,5,0,2
BRDA:187,5,1,6
BRDA:205,6,0,2
BRDA:205,6,1,3
BRF:14
BRH:14
end_of_record
TN:
SF:routes/_testCommon.js
FN:11,commonBeforeAll
FN:101,(anonymous_1)
FN:106,commonBeforeEach
FN:110,commonAfterEach
FN:114,commonAfterAll
FNF:5
FNH:5
FNDA:4,commonBeforeAll
FNDA:12,(anonymous_1)
FNDA:84,commonBeforeEach
FNDA:84,commonAfterEach
FNDA:4,commonAfterAll
DA:3,4
DA:4,4
DA:5,4
DA:6,4
DA:7,4
DA:9,4
DA:13,4
DA:15,4
DA:17,4
DA:19,4
DA:26,4
DA:33,4
DA:40,4
DA:48,4
DA:56,4
DA:64,4
DA:72,4
DA:80,4
DA:86,4
DA:92,4
DA:100,4
DA:101,4
DA:102,12
DA:107,84
DA:111,84
DA:115,4
DA:118,4
DA:119,4
DA:121,4
LF:29
LH:29
BRF:0
BRH:0
end_of_record
TN:
SF:routes/auth.js
FN:22,(anonymous_0)
FN:26,(anonymous_1)
FN:49,(anonymous_2)
FN:53,(anonymous_3)
FNF:4
FNH:4
FNDA:5,(anonymous_0)
FNDA:2,(anonymous_1)
FNDA:3,(anonymous_2)
FNDA:5,(anonymous_3)
DA:5,5
DA:7,5
DA:8,5
DA:9,5
DA:10,5
DA:11,5
DA:12,5
DA:13,5
DA:22,5
DA:23,5
DA:24,5
DA:25,5
DA:26,2
DA:27,2
DA:30,3
DA:31,3
DA:32,1
DA:33,1
DA:35,4
DA:49,5
DA:50,3
DA:51,3
DA:52,3
DA:53,5
DA:54,2
DA:57,1
DA:58,1
DA:59,1
DA:61,2
DA:66,5
LF:30
LH:30
BRDA:25,0,0,2
BRDA:25,0,1,3
BRDA:52,1,0,2
BRDA:52,1,1,1
BRF:4
BRH:4
end_of_record
TN:
SF:routes/companies.js
FN:31,(anonymous_0)
FN:35,(anonymous_1)
FN:58,(anonymous_2)
FN:68,(anonymous_3)
FN:96,(anonymous_4)
FN:120,(anonymous_5)
FN:124,(anonymous_6)
FN:145,(anonymous_7)
FNF:8
FNH:8
FNDA:3,(anonymous_0)
FNDA:3,(anonymous_1)
FNDA:5,(anonymous_2)
FNDA:1,(anonymous_3)
FNDA:3,(anonymous_4)
FNDA:4,(anonymous_5)
FNDA:2,(anonymous_6)
FNDA:2,(anonymous_7)
DA:5,5
DA:6,5
DA:8,5
DA:9,5
DA:10,5
DA:12,5
DA:13,5
DA:14,5
DA:16,5
DA:27,5
DA:32,3
DA:33,3
DA:34,3
DA:35,3
DA:36,2
DA:39,1
DA:40,1
DA:42,2
DA:58,5
DA:59,5
DA:61,5
DA:62,2
DA:63,5
DA:64,2
DA:66,5
DA:67,5
DA:68,1
DA:69,1
DA:72,4
DA:75,4
DA:76,2
DA:77,2
DA:81,2
DA:82,1
DA:84,2
DA:96,5
DA:97,3
DA:98,3
DA:99,2
DA:101,1
DA:116,5
DA:121,4
DA:122,4
DA:123,4
DA:124,2
DA:125,2
DA:128,2
DA:129,1
DA:131,3
DA:141,5
DA:146,2
DA:147,2
DA:148,1
DA:150,1
DA:155,5
LF:55
LH:55
BRDA:34,0,0,2
BRDA:34,0,1,1
BRDA:61,1,0,2
BRDA:61,1,1,3
BRDA:63,2,0,2
BRDA:63,2,1,3
BRDA:67,3,0,1
BRDA:67,3,1,4
BRDA:75,4,0,2
BRDA:75,4,1,2
BRDA:75,5,0,4
BRDA:75,5,1,3
BRDA:75,5,2,3
BRDA:123,6,0,2
BRDA:123,6,1,2
BRF:15
BRH:15
end_of_record
TN:
SF:routes/jobs.js
FN:31,(anonymous_0)
FN:35,(anonymous_1)
FN:59,(anonymous_2)
FN:72,(anonymous_3)
FN:100,(anonymous_4)
FN:124,(anonymous_5)
FN:128,(anonymous_6)
FN:149,(anonymous_7)
FNF:8
FNH:8
FNDA:3,(anonymous_0)
FNDA:3,(anonymous_1)
FNDA:7,(anonymous_2)
FNDA:1,(anonymous_3)
FNDA:2,(anonymous_4)
FNDA:5,(anonymous_5)
FNDA:3,(anonymous_6)
FNDA:2,(anonymous_7)
DA:5,5
DA:6,5
DA:8,5
DA:9,5
DA:10,5
DA:12,5
DA:13,5
DA:14,5
DA:16,5
DA:27,5
DA:32,3
DA:33,3
DA:34,3
DA:35,3
DA:36,2
DA:39,1
DA:40,1
DA:42,2
DA:59,5
DA:60,7
DA:62,7
DA:64,7
DA:65,3
DA:70,7
DA:71,7
DA:72,1
DA:73,1
DA:76,6
DA:79,6
DA:80,4
DA:81,4
DA:85,2
DA:86,1
DA:88,2
DA:100,5
DA:101,2
DA:102,2
DA:103,1
DA:105,1
DA:120,5
DA:125,5
DA:126,5
DA:127,5
DA:128,3
DA:129,2
DA:132,3
DA:133,2
DA:135,3
DA:145,5
DA:150,2
DA:151,2
DA:152,1
DA:154,1
DA:159,5
LF:54
LH:54
BRDA:34,0,0,2
BRDA:34,0,1,1
BRDA:62,1,0,3
BRDA:62,1,1,4
BRDA:64,2,0,3
BRDA:64,2,1,4
BRDA:65,3,0,2
BRDA:65,3,1,1
BRDA:71,4,0,1
BRDA:71,4,1,6
BRDA:79,5,0,4
BRDA:79,5,1,2
BRDA:79,6,0,6
BRDA:79,6,1,2
BRDA:79,6,2,2
BRDA:127,7,0,2
BRDA:127,7,1,3
BRF:17
BRH:17
end_of_record
TN:
SF:routes/users.js
FN:37,(anonymous_0)
FN:41,(anonymous_1)
FN:61,(anonymous_2)
FN:81,(anonymous_3)
FN:105,(anonymous_4)
FN:109,(anonymous_5)
FN:130,(anonymous_6)
FNF:7
FNH:7
FNDA:4,(anonymous_0)
FNDA:5,(anonymous_1)
FNDA:2,(anonymous_2)
FNDA:3,(anonymous_3)
FNDA:6,(anonymous_4)
FNDA:1,(anonymous_5)
FNDA:3,(anonymous_6)
DA:5,5
DA:7,5
DA:12,5
DA:13,5
DA:14,5
DA:15,5
DA:16,5
DA:17,5
DA:19,5
DA:33,5
DA:38,4
DA:39,4
DA:40,4
DA:41,5
DA:42,2
DA:45,2
DA:46,2
DA:47,2
DA:49,2
DA:61,5
DA:62,2
DA:63,2
DA:64,1
DA:66,1
DA:77,5
DA:82,3
DA:83,3
DA:84,2
DA:86,1
DA:101,5
DA:106,6
DA:107,6
DA:108,6
DA:109,1
DA:110,1
DA:113,5
DA:114,4
DA:116,2
DA:126,5
DA:131,3
DA:132,3
DA:133,2
DA:135,1
DA:140,5
LF:44
LH:44
BRDA:40,0,0,2
BRDA:40,0,1,2
BRDA:108,1,0,1
BRDA:108,1,1,5
BRF:4
BRH:4
end_of_record
